  [1m[36m (39.0ms)[0m  [1mCREATE TABLE "schema_migrations" ("version" character varying NOT NULL) [0m
  [1m[35m (3.3ms)[0m  CREATE UNIQUE INDEX  "unique_schema_migrations" ON "schema_migrations"  ("version")
  [1m[36mActiveRecord::SchemaMigration Load (4.6ms)[0m  [1mSELECT "schema_migrations".* FROM "schema_migrations"[0m
Migrating to CreateUsers (20150416210314)
  [1m[35m (2.9ms)[0m  BEGIN
  [1m[36m (24.2ms)[0m  [1mCREATE TABLE "users" ("id" serial primary key, "first_name" character varying, "last_name" character varying, "email" character varying, "password_digest" character varying, "phone" character varying, "created_at" timestamp NOT NULL, "updated_at" timestamp NOT NULL) [0m
  [1m[35mSQL (21.6ms)[0m  INSERT INTO "schema_migrations" ("version") VALUES ($1)  [["version", "20150416210314"]]
  [1m[36m (0.7ms)[0m  [1mCOMMIT[0m
Migrating to CreateAddresses (20150416210715)
  [1m[35m (0.2ms)[0m  BEGIN
  [1m[36m (3.3ms)[0m  [1mCREATE TABLE "addresses" ("id" serial primary key, "street" character varying, "city" character varying, "state" character varying, "zip_code" integer, "addressable_id" integer, "addressable_type" character varying, "created_at" timestamp NOT NULL, "updated_at" timestamp NOT NULL) [0m
  [1m[35m (0.9ms)[0m  CREATE  INDEX  "index_addresses_on_addressable_type_and_addressable_id" ON "addresses"  ("addressable_type", "addressable_id")
  [1m[36mSQL (0.2ms)[0m  [1mINSERT INTO "schema_migrations" ("version") VALUES ($1)[0m  [["version", "20150416210715"]]
  [1m[35m (0.6ms)[0m  COMMIT
Migrating to CreatePropertyManagers (20150416210951)
  [1m[36m (0.2ms)[0m  [1mBEGIN[0m
  [1m[35m (3.1ms)[0m  CREATE TABLE "property_managers" ("id" serial primary key, "name" character varying, "phone" character varying, "email" character varying, "created_at" timestamp NOT NULL, "updated_at" timestamp NOT NULL) 
  [1m[36mSQL (0.2ms)[0m  [1mINSERT INTO "schema_migrations" ("version") VALUES ($1)[0m  [["version", "20150416210951"]]
  [1m[35m (0.5ms)[0m  COMMIT
Migrating to CreateHouses (20150416211341)
  [1m[36m (0.2ms)[0m  [1mBEGIN[0m
  [1m[35m (2.8ms)[0m  CREATE TABLE "houses" ("id" serial primary key, "name" character varying, "property_manager_id" integer, "created_at" timestamp NOT NULL, "updated_at" timestamp NOT NULL) 
  [1m[36m (0.8ms)[0m  [1mCREATE  INDEX  "index_houses_on_property_manager_id" ON "houses"  ("property_manager_id")[0m
  [1m[35m (1.6ms)[0m  ALTER TABLE "houses" ADD CONSTRAINT "fk_rails_fca970acce"
FOREIGN KEY ("property_manager_id")
  REFERENCES "property_managers" ("id")

  [1m[36mSQL (0.2ms)[0m  [1mINSERT INTO "schema_migrations" ("version") VALUES ($1)[0m  [["version", "20150416211341"]]
  [1m[35m (0.7ms)[0m  COMMIT
Migrating to CreateHousingAssignments (20150416211419)
  [1m[36m (0.2ms)[0m  [1mBEGIN[0m
  [1m[35m (3.1ms)[0m  CREATE TABLE "housing_assignments" ("id" serial primary key, "user_id" integer, "house_id" integer, "lease_url" character varying, "created_at" timestamp NOT NULL, "updated_at" timestamp NOT NULL) 
  [1m[36m (0.9ms)[0m  [1mCREATE  INDEX  "index_housing_assignments_on_user_id" ON "housing_assignments"  ("user_id")[0m
  [1m[35m (1.1ms)[0m  CREATE  INDEX  "index_housing_assignments_on_house_id" ON "housing_assignments"  ("house_id")
  [1m[36m (1.7ms)[0m  [1mALTER TABLE "housing_assignments" ADD CONSTRAINT "fk_rails_c9acd19e64"
FOREIGN KEY ("user_id")
  REFERENCES "users" ("id")
[0m
  [1m[35m (1.0ms)[0m  ALTER TABLE "housing_assignments" ADD CONSTRAINT "fk_rails_940a2b850f"
FOREIGN KEY ("house_id")
  REFERENCES "houses" ("id")

  [1m[36mSQL (0.4ms)[0m  [1mINSERT INTO "schema_migrations" ("version") VALUES ($1)[0m  [["version", "20150416211419"]]
  [1m[35m (0.6ms)[0m  COMMIT
Migrating to CreateRules (20150416211922)
  [1m[36m (0.3ms)[0m  [1mBEGIN[0m
  [1m[35m (3.2ms)[0m  CREATE TABLE "rules" ("id" serial primary key, "content" character varying, "housing_assignment_id" integer, "created_at" timestamp NOT NULL, "updated_at" timestamp NOT NULL) 
  [1m[36m (1.1ms)[0m  [1mCREATE  INDEX  "index_rules_on_housing_assignment_id" ON "rules"  ("housing_assignment_id")[0m
  [1m[35m (1.1ms)[0m  ALTER TABLE "rules" ADD CONSTRAINT "fk_rails_af3a036cef"
FOREIGN KEY ("housing_assignment_id")
  REFERENCES "housing_assignments" ("id")

  [1m[36mSQL (0.2ms)[0m  [1mINSERT INTO "schema_migrations" ("version") VALUES ($1)[0m  [["version", "20150416211922"]]
  [1m[35m (0.6ms)[0m  COMMIT
Migrating to CreateChores (20150416211959)
  [1m[36m (0.2ms)[0m  [1mBEGIN[0m
  [1m[35m (2.7ms)[0m  CREATE TABLE "chores" ("id" serial primary key, "task" character varying, "house_id" integer, "created_at" timestamp NOT NULL, "updated_at" timestamp NOT NULL) 
  [1m[36m (0.9ms)[0m  [1mCREATE  INDEX  "index_chores_on_house_id" ON "chores"  ("house_id")[0m
  [1m[35m (0.8ms)[0m  ALTER TABLE "chores" ADD CONSTRAINT "fk_rails_afe0a63c1d"
FOREIGN KEY ("house_id")
  REFERENCES "houses" ("id")

  [1m[36mSQL (0.2ms)[0m  [1mINSERT INTO "schema_migrations" ("version") VALUES ($1)[0m  [["version", "20150416211959"]]
  [1m[35m (0.8ms)[0m  COMMIT
Migrating to CreateChoreLogs (20150416212124)
  [1m[36m (0.2ms)[0m  [1mBEGIN[0m
  [1m[35m (1.9ms)[0m  CREATE TABLE "chore_logs" ("id" serial primary key, "user_id" integer, "chore_id" integer, "created_at" timestamp NOT NULL, "updated_at" timestamp NOT NULL) 
  [1m[36m (0.9ms)[0m  [1mCREATE  INDEX  "index_chore_logs_on_user_id" ON "chore_logs"  ("user_id")[0m
  [1m[35m (1.1ms)[0m  CREATE  INDEX  "index_chore_logs_on_chore_id" ON "chore_logs"  ("chore_id")
  [1m[36m (1.1ms)[0m  [1mALTER TABLE "chore_logs" ADD CONSTRAINT "fk_rails_7000e176e9"
FOREIGN KEY ("user_id")
  REFERENCES "users" ("id")
[0m
  [1m[35m (1.3ms)[0m  ALTER TABLE "chore_logs" ADD CONSTRAINT "fk_rails_61500d5c17"
FOREIGN KEY ("chore_id")
  REFERENCES "chores" ("id")

  [1m[36mSQL (0.1ms)[0m  [1mINSERT INTO "schema_migrations" ("version") VALUES ($1)[0m  [["version", "20150416212124"]]
  [1m[35m (0.5ms)[0m  COMMIT
Migrating to CreateEvents (20150416212247)
  [1m[36m (0.4ms)[0m  [1mBEGIN[0m
  [1m[35m (4.6ms)[0m  CREATE TABLE "events" ("id" serial primary key, "name" character varying, "date" timestamp, "description" character varying, "housing_assignment_id" integer, "created_at" timestamp NOT NULL, "updated_at" timestamp NOT NULL) 
  [1m[36m (1.0ms)[0m  [1mCREATE  INDEX  "index_events_on_housing_assignment_id" ON "events"  ("housing_assignment_id")[0m
  [1m[35m (2.2ms)[0m  ALTER TABLE "events" ADD CONSTRAINT "fk_rails_037b949f1d"
FOREIGN KEY ("housing_assignment_id")
  REFERENCES "housing_assignments" ("id")

  [1m[36mSQL (5.2ms)[0m  [1mINSERT INTO "schema_migrations" ("version") VALUES ($1)[0m  [["version", "20150416212247"]]
  [1m[35m (5.4ms)[0m  COMMIT
Migrating to CreateCommunalItems (20150416212642)
  [1m[36m (2.7ms)[0m  [1mBEGIN[0m
  [1m[35m (6.1ms)[0m  CREATE TABLE "communal_items" ("id" serial primary key, "name" character varying, "brand" character varying, "quantity" integer, "stock_level" integer, "house_id" integer, "created_at" timestamp NOT NULL, "updated_at" timestamp NOT NULL) 
  [1m[36m (3.8ms)[0m  [1mCREATE  INDEX  "index_communal_items_on_house_id" ON "communal_items"  ("house_id")[0m
  [1m[35m (1.5ms)[0m  ALTER TABLE "communal_items" ADD CONSTRAINT "fk_rails_a48b235da7"
FOREIGN KEY ("house_id")
  REFERENCES "houses" ("id")

  [1m[36mSQL (0.2ms)[0m  [1mINSERT INTO "schema_migrations" ("version") VALUES ($1)[0m  [["version", "20150416212642"]]
  [1m[35m (0.8ms)[0m  COMMIT
Migrating to CreateMessages (20150416212824)
  [1m[36m (0.4ms)[0m  [1mBEGIN[0m
  [1m[35m (5.2ms)[0m  CREATE TABLE "messages" ("id" serial primary key, "content" character varying, "picture_url" character varying, "housing_assignment_id" integer, "created_at" timestamp NOT NULL, "updated_at" timestamp NOT NULL) 
  [1m[36m (1.1ms)[0m  [1mCREATE  INDEX  "index_messages_on_housing_assignment_id" ON "messages"  ("housing_assignment_id")[0m
  [1m[35m (1.1ms)[0m  ALTER TABLE "messages" ADD CONSTRAINT "fk_rails_0915f586e0"
FOREIGN KEY ("housing_assignment_id")
  REFERENCES "housing_assignments" ("id")

  [1m[36mSQL (0.2ms)[0m  [1mINSERT INTO "schema_migrations" ("version") VALUES ($1)[0m  [["version", "20150416212824"]]
  [1m[35m (0.5ms)[0m  COMMIT
Migrating to CreateIssues (20150416213117)
  [1m[36m (0.3ms)[0m  [1mBEGIN[0m
  [1m[35m (4.0ms)[0m  CREATE TABLE "issues" ("id" serial primary key, "reason" character varying, "user_id" integer, "issuable_id" integer, "issuable_type" character varying, "created_at" timestamp NOT NULL, "updated_at" timestamp NOT NULL) 
  [1m[36m (1.0ms)[0m  [1mCREATE  INDEX  "index_issues_on_user_id" ON "issues"  ("user_id")[0m
  [1m[35m (1.4ms)[0m  CREATE  INDEX  "index_issues_on_issuable_type_and_issuable_id" ON "issues"  ("issuable_type", "issuable_id")
  [1m[36m (1.6ms)[0m  [1mALTER TABLE "issues" ADD CONSTRAINT "fk_rails_f8f1052133"
FOREIGN KEY ("user_id")
  REFERENCES "users" ("id")
[0m
  [1m[35mSQL (0.3ms)[0m  INSERT INTO "schema_migrations" ("version") VALUES ($1)  [["version", "20150416213117"]]
  [1m[36m (0.6ms)[0m  [1mCOMMIT[0m
Migrating to CreateUserPromises (20150416213208)
  [1m[35m (0.3ms)[0m  BEGIN
  [1m[36m (5.2ms)[0m  [1mCREATE TABLE "user_promises" ("id" serial primary key, "fulfilled" boolean DEFAULT 'f', "user_id" integer, "promisable_id" integer, "promisable_type" character varying, "created_at" timestamp NOT NULL, "updated_at" timestamp NOT NULL) [0m
  [1m[35m (1.3ms)[0m  CREATE  INDEX  "index_user_promises_on_user_id" ON "user_promises"  ("user_id")
  [1m[36m (1.3ms)[0m  [1mCREATE  INDEX  "index_user_promises_on_promisable_type_and_promisable_id" ON "user_promises"  ("promisable_type", "promisable_id")[0m
  [1m[35m (1.6ms)[0m  ALTER TABLE "user_promises" ADD CONSTRAINT "fk_rails_3b54a6f768"
FOREIGN KEY ("user_id")
  REFERENCES "users" ("id")

  [1m[36mSQL (0.1ms)[0m  [1mINSERT INTO "schema_migrations" ("version") VALUES ($1)[0m  [["version", "20150416213208"]]
  [1m[35m (0.7ms)[0m  COMMIT
Migrating to AddAttachmentAvatarToUsers (20150417175305)
  [1m[36m (0.2ms)[0m  [1mBEGIN[0m
  [1m[35m (0.4ms)[0m  ALTER TABLE "users" ADD "avatar_file_name" character varying
  [1m[36m (0.2ms)[0m  [1mALTER TABLE "users" ADD "avatar_content_type" character varying[0m
  [1m[35m (0.1ms)[0m  ALTER TABLE "users" ADD "avatar_file_size" integer
  [1m[36m (0.1ms)[0m  [1mALTER TABLE "users" ADD "avatar_updated_at" timestamp[0m
  [1m[35mSQL (0.2ms)[0m  INSERT INTO "schema_migrations" ("version") VALUES ($1)  [["version", "20150417175305"]]
  [1m[36m (0.4ms)[0m  [1mCOMMIT[0m
  [1m[35mActiveRecord::SchemaMigration Load (0.2ms)[0m  SELECT "schema_migrations".* FROM "schema_migrations"
  [1m[36m (2.3ms)[0m  [1mSELECT t2.oid::regclass::text AS to_table, a1.attname AS column, a2.attname AS primary_key, c.conname AS name, c.confupdtype AS on_update, c.confdeltype AS on_delete
FROM pg_constraint c
JOIN pg_class t1 ON c.conrelid = t1.oid
JOIN pg_class t2 ON c.confrelid = t2.oid
JOIN pg_attribute a1 ON a1.attnum = c.conkey[1] AND a1.attrelid = t1.oid
JOIN pg_attribute a2 ON a2.attnum = c.confkey[1] AND a2.attrelid = t2.oid
JOIN pg_namespace t3 ON c.connamespace = t3.oid
WHERE c.contype = 'f'
  AND t1.relname = 'addresses'
  AND t3.nspname = ANY (current_schemas(false))
ORDER BY c.conname
[0m
  [1m[35m (1.8ms)[0m  SELECT t2.oid::regclass::text AS to_table, a1.attname AS column, a2.attname AS primary_key, c.conname AS name, c.confupdtype AS on_update, c.confdeltype AS on_delete
FROM pg_constraint c
JOIN pg_class t1 ON c.conrelid = t1.oid
JOIN pg_class t2 ON c.confrelid = t2.oid
JOIN pg_attribute a1 ON a1.attnum = c.conkey[1] AND a1.attrelid = t1.oid
JOIN pg_attribute a2 ON a2.attnum = c.confkey[1] AND a2.attrelid = t2.oid
JOIN pg_namespace t3 ON c.connamespace = t3.oid
WHERE c.contype = 'f'
  AND t1.relname = 'chore_logs'
  AND t3.nspname = ANY (current_schemas(false))
ORDER BY c.conname

  [1m[36m (1.7ms)[0m  [1mSELECT t2.oid::regclass::text AS to_table, a1.attname AS column, a2.attname AS primary_key, c.conname AS name, c.confupdtype AS on_update, c.confdeltype AS on_delete
FROM pg_constraint c
JOIN pg_class t1 ON c.conrelid = t1.oid
JOIN pg_class t2 ON c.confrelid = t2.oid
JOIN pg_attribute a1 ON a1.attnum = c.conkey[1] AND a1.attrelid = t1.oid
JOIN pg_attribute a2 ON a2.attnum = c.confkey[1] AND a2.attrelid = t2.oid
JOIN pg_namespace t3 ON c.connamespace = t3.oid
WHERE c.contype = 'f'
  AND t1.relname = 'chores'
  AND t3.nspname = ANY (current_schemas(false))
ORDER BY c.conname
[0m
  [1m[35m (1.8ms)[0m  SELECT t2.oid::regclass::text AS to_table, a1.attname AS column, a2.attname AS primary_key, c.conname AS name, c.confupdtype AS on_update, c.confdeltype AS on_delete
FROM pg_constraint c
JOIN pg_class t1 ON c.conrelid = t1.oid
JOIN pg_class t2 ON c.confrelid = t2.oid
JOIN pg_attribute a1 ON a1.attnum = c.conkey[1] AND a1.attrelid = t1.oid
JOIN pg_attribute a2 ON a2.attnum = c.confkey[1] AND a2.attrelid = t2.oid
JOIN pg_namespace t3 ON c.connamespace = t3.oid
WHERE c.contype = 'f'
  AND t1.relname = 'communal_items'
  AND t3.nspname = ANY (current_schemas(false))
ORDER BY c.conname

  [1m[36m (3.3ms)[0m  [1mSELECT t2.oid::regclass::text AS to_table, a1.attname AS column, a2.attname AS primary_key, c.conname AS name, c.confupdtype AS on_update, c.confdeltype AS on_delete
FROM pg_constraint c
JOIN pg_class t1 ON c.conrelid = t1.oid
JOIN pg_class t2 ON c.confrelid = t2.oid
JOIN pg_attribute a1 ON a1.attnum = c.conkey[1] AND a1.attrelid = t1.oid
JOIN pg_attribute a2 ON a2.attnum = c.confkey[1] AND a2.attrelid = t2.oid
JOIN pg_namespace t3 ON c.connamespace = t3.oid
WHERE c.contype = 'f'
  AND t1.relname = 'events'
  AND t3.nspname = ANY (current_schemas(false))
ORDER BY c.conname
[0m
  [1m[35m (2.3ms)[0m  SELECT t2.oid::regclass::text AS to_table, a1.attname AS column, a2.attname AS primary_key, c.conname AS name, c.confupdtype AS on_update, c.confdeltype AS on_delete
FROM pg_constraint c
JOIN pg_class t1 ON c.conrelid = t1.oid
JOIN pg_class t2 ON c.confrelid = t2.oid
JOIN pg_attribute a1 ON a1.attnum = c.conkey[1] AND a1.attrelid = t1.oid
JOIN pg_attribute a2 ON a2.attnum = c.confkey[1] AND a2.attrelid = t2.oid
JOIN pg_namespace t3 ON c.connamespace = t3.oid
WHERE c.contype = 'f'
  AND t1.relname = 'houses'
  AND t3.nspname = ANY (current_schemas(false))
ORDER BY c.conname

  [1m[36m (2.2ms)[0m  [1mSELECT t2.oid::regclass::text AS to_table, a1.attname AS column, a2.attname AS primary_key, c.conname AS name, c.confupdtype AS on_update, c.confdeltype AS on_delete
FROM pg_constraint c
JOIN pg_class t1 ON c.conrelid = t1.oid
JOIN pg_class t2 ON c.confrelid = t2.oid
JOIN pg_attribute a1 ON a1.attnum = c.conkey[1] AND a1.attrelid = t1.oid
JOIN pg_attribute a2 ON a2.attnum = c.confkey[1] AND a2.attrelid = t2.oid
JOIN pg_namespace t3 ON c.connamespace = t3.oid
WHERE c.contype = 'f'
  AND t1.relname = 'housing_assignments'
  AND t3.nspname = ANY (current_schemas(false))
ORDER BY c.conname
[0m
  [1m[35m (2.1ms)[0m  SELECT t2.oid::regclass::text AS to_table, a1.attname AS column, a2.attname AS primary_key, c.conname AS name, c.confupdtype AS on_update, c.confdeltype AS on_delete
FROM pg_constraint c
JOIN pg_class t1 ON c.conrelid = t1.oid
JOIN pg_class t2 ON c.confrelid = t2.oid
JOIN pg_attribute a1 ON a1.attnum = c.conkey[1] AND a1.attrelid = t1.oid
JOIN pg_attribute a2 ON a2.attnum = c.confkey[1] AND a2.attrelid = t2.oid
JOIN pg_namespace t3 ON c.connamespace = t3.oid
WHERE c.contype = 'f'
  AND t1.relname = 'issues'
  AND t3.nspname = ANY (current_schemas(false))
ORDER BY c.conname

  [1m[36m (1.9ms)[0m  [1mSELECT t2.oid::regclass::text AS to_table, a1.attname AS column, a2.attname AS primary_key, c.conname AS name, c.confupdtype AS on_update, c.confdeltype AS on_delete
FROM pg_constraint c
JOIN pg_class t1 ON c.conrelid = t1.oid
JOIN pg_class t2 ON c.confrelid = t2.oid
JOIN pg_attribute a1 ON a1.attnum = c.conkey[1] AND a1.attrelid = t1.oid
JOIN pg_attribute a2 ON a2.attnum = c.confkey[1] AND a2.attrelid = t2.oid
JOIN pg_namespace t3 ON c.connamespace = t3.oid
WHERE c.contype = 'f'
  AND t1.relname = 'messages'
  AND t3.nspname = ANY (current_schemas(false))
ORDER BY c.conname
[0m
  [1m[35m (2.0ms)[0m  SELECT t2.oid::regclass::text AS to_table, a1.attname AS column, a2.attname AS primary_key, c.conname AS name, c.confupdtype AS on_update, c.confdeltype AS on_delete
FROM pg_constraint c
JOIN pg_class t1 ON c.conrelid = t1.oid
JOIN pg_class t2 ON c.confrelid = t2.oid
JOIN pg_attribute a1 ON a1.attnum = c.conkey[1] AND a1.attrelid = t1.oid
JOIN pg_attribute a2 ON a2.attnum = c.confkey[1] AND a2.attrelid = t2.oid
JOIN pg_namespace t3 ON c.connamespace = t3.oid
WHERE c.contype = 'f'
  AND t1.relname = 'property_managers'
  AND t3.nspname = ANY (current_schemas(false))
ORDER BY c.conname

  [1m[36m (1.9ms)[0m  [1mSELECT t2.oid::regclass::text AS to_table, a1.attname AS column, a2.attname AS primary_key, c.conname AS name, c.confupdtype AS on_update, c.confdeltype AS on_delete
FROM pg_constraint c
JOIN pg_class t1 ON c.conrelid = t1.oid
JOIN pg_class t2 ON c.confrelid = t2.oid
JOIN pg_attribute a1 ON a1.attnum = c.conkey[1] AND a1.attrelid = t1.oid
JOIN pg_attribute a2 ON a2.attnum = c.confkey[1] AND a2.attrelid = t2.oid
JOIN pg_namespace t3 ON c.connamespace = t3.oid
WHERE c.contype = 'f'
  AND t1.relname = 'rules'
  AND t3.nspname = ANY (current_schemas(false))
ORDER BY c.conname
[0m
  [1m[35m (1.9ms)[0m  SELECT t2.oid::regclass::text AS to_table, a1.attname AS column, a2.attname AS primary_key, c.conname AS name, c.confupdtype AS on_update, c.confdeltype AS on_delete
FROM pg_constraint c
JOIN pg_class t1 ON c.conrelid = t1.oid
JOIN pg_class t2 ON c.confrelid = t2.oid
JOIN pg_attribute a1 ON a1.attnum = c.conkey[1] AND a1.attrelid = t1.oid
JOIN pg_attribute a2 ON a2.attnum = c.confkey[1] AND a2.attrelid = t2.oid
JOIN pg_namespace t3 ON c.connamespace = t3.oid
WHERE c.contype = 'f'
  AND t1.relname = 'user_promises'
  AND t3.nspname = ANY (current_schemas(false))
ORDER BY c.conname

  [1m[36m (1.7ms)[0m  [1mSELECT t2.oid::regclass::text AS to_table, a1.attname AS column, a2.attname AS primary_key, c.conname AS name, c.confupdtype AS on_update, c.confdeltype AS on_delete
FROM pg_constraint c
JOIN pg_class t1 ON c.conrelid = t1.oid
JOIN pg_class t2 ON c.confrelid = t2.oid
JOIN pg_attribute a1 ON a1.attnum = c.conkey[1] AND a1.attrelid = t1.oid
JOIN pg_attribute a2 ON a2.attnum = c.confkey[1] AND a2.attrelid = t2.oid
JOIN pg_namespace t3 ON c.connamespace = t3.oid
WHERE c.contype = 'f'
  AND t1.relname = 'users'
  AND t3.nspname = ANY (current_schemas(false))
ORDER BY c.conname
[0m
  [1m[36mActiveRecord::SchemaMigration Load (0.4ms)[0m  [1mSELECT "schema_migrations".* FROM "schema_migrations"[0m
  [1m[36m (3.5ms)[0m  [1mCREATE TABLE "schema_migrations" ("version" character varying NOT NULL) [0m
  [1m[35m (1.3ms)[0m  CREATE UNIQUE INDEX  "unique_schema_migrations" ON "schema_migrations"  ("version")
  [1m[36mActiveRecord::SchemaMigration Load (0.3ms)[0m  [1mSELECT "schema_migrations".* FROM "schema_migrations"[0m
Migrating to CreateUsers (20150416210314)
  [1m[35m (0.1ms)[0m  BEGIN
  [1m[36m (3.5ms)[0m  [1mCREATE TABLE "users" ("id" serial primary key, "first_name" character varying, "last_name" character varying, "email" character varying, "password_digest" character varying, "phone" character varying, "created_at" timestamp NOT NULL, "updated_at" timestamp NOT NULL) [0m
  [1m[35mSQL (0.4ms)[0m  INSERT INTO "schema_migrations" ("version") VALUES ($1)  [["version", "20150416210314"]]
  [1m[36m (0.5ms)[0m  [1mCOMMIT[0m
Migrating to CreateAddresses (20150416210715)
  [1m[35m (0.2ms)[0m  BEGIN
  [1m[36m (2.7ms)[0m  [1mCREATE TABLE "addresses" ("id" serial primary key, "street" character varying, "city" character varying, "state" character varying, "zip_code" integer, "addressable_id" integer, "addressable_type" character varying, "created_at" timestamp NOT NULL, "updated_at" timestamp NOT NULL) [0m
  [1m[35m (0.9ms)[0m  CREATE  INDEX  "index_addresses_on_addressable_type_and_addressable_id" ON "addresses"  ("addressable_type", "addressable_id")
  [1m[36mSQL (0.2ms)[0m  [1mINSERT INTO "schema_migrations" ("version") VALUES ($1)[0m  [["version", "20150416210715"]]
  [1m[35m (0.6ms)[0m  COMMIT
Migrating to CreatePropertyManagers (20150416210951)
  [1m[36m (0.2ms)[0m  [1mBEGIN[0m
  [1m[35m (2.8ms)[0m  CREATE TABLE "property_managers" ("id" serial primary key, "name" character varying, "phone" character varying, "email" character varying, "created_at" timestamp NOT NULL, "updated_at" timestamp NOT NULL) 
  [1m[36mSQL (0.2ms)[0m  [1mINSERT INTO "schema_migrations" ("version") VALUES ($1)[0m  [["version", "20150416210951"]]
  [1m[35m (0.6ms)[0m  COMMIT
Migrating to CreateHouses (20150416211341)
  [1m[36m (0.2ms)[0m  [1mBEGIN[0m
  [1m[35m (2.8ms)[0m  CREATE TABLE "houses" ("id" serial primary key, "name" character varying, "property_manager_id" integer, "created_at" timestamp NOT NULL, "updated_at" timestamp NOT NULL) 
  [1m[36m (1.0ms)[0m  [1mCREATE  INDEX  "index_houses_on_property_manager_id" ON "houses"  ("property_manager_id")[0m
  [1m[35m (2.4ms)[0m  ALTER TABLE "houses" ADD CONSTRAINT "fk_rails_fca970acce"
FOREIGN KEY ("property_manager_id")
  REFERENCES "property_managers" ("id")

  [1m[36mSQL (0.2ms)[0m  [1mINSERT INTO "schema_migrations" ("version") VALUES ($1)[0m  [["version", "20150416211341"]]
  [1m[35m (0.6ms)[0m  COMMIT
Migrating to CreateHousingAssignments (20150416211419)
  [1m[36m (0.2ms)[0m  [1mBEGIN[0m
  [1m[35m (2.9ms)[0m  CREATE TABLE "housing_assignments" ("id" serial primary key, "user_id" integer, "house_id" integer, "lease_url" character varying, "created_at" timestamp NOT NULL, "updated_at" timestamp NOT NULL) 
  [1m[36m (1.7ms)[0m  [1mCREATE  INDEX  "index_housing_assignments_on_user_id" ON "housing_assignments"  ("user_id")[0m
  [1m[35m (1.4ms)[0m  CREATE  INDEX  "index_housing_assignments_on_house_id" ON "housing_assignments"  ("house_id")
  [1m[36m (1.6ms)[0m  [1mALTER TABLE "housing_assignments" ADD CONSTRAINT "fk_rails_c9acd19e64"
FOREIGN KEY ("user_id")
  REFERENCES "users" ("id")
[0m
  [1m[35m (1.3ms)[0m  ALTER TABLE "housing_assignments" ADD CONSTRAINT "fk_rails_940a2b850f"
FOREIGN KEY ("house_id")
  REFERENCES "houses" ("id")

  [1m[36mSQL (0.2ms)[0m  [1mINSERT INTO "schema_migrations" ("version") VALUES ($1)[0m  [["version", "20150416211419"]]
  [1m[35m (0.5ms)[0m  COMMIT
Migrating to CreateRules (20150416211922)
  [1m[36m (0.3ms)[0m  [1mBEGIN[0m
  [1m[35m (2.8ms)[0m  CREATE TABLE "rules" ("id" serial primary key, "content" character varying, "housing_assignment_id" integer, "created_at" timestamp NOT NULL, "updated_at" timestamp NOT NULL) 
  [1m[36m (0.8ms)[0m  [1mCREATE  INDEX  "index_rules_on_housing_assignment_id" ON "rules"  ("housing_assignment_id")[0m
  [1m[35m (1.2ms)[0m  ALTER TABLE "rules" ADD CONSTRAINT "fk_rails_af3a036cef"
FOREIGN KEY ("housing_assignment_id")
  REFERENCES "housing_assignments" ("id")

  [1m[36mSQL (0.4ms)[0m  [1mINSERT INTO "schema_migrations" ("version") VALUES ($1)[0m  [["version", "20150416211922"]]
  [1m[35m (1.4ms)[0m  COMMIT
Migrating to CreateChores (20150416211959)
  [1m[36m (0.3ms)[0m  [1mBEGIN[0m
  [1m[35m (2.8ms)[0m  CREATE TABLE "chores" ("id" serial primary key, "task" character varying, "house_id" integer, "created_at" timestamp NOT NULL, "updated_at" timestamp NOT NULL) 
  [1m[36m (0.7ms)[0m  [1mCREATE  INDEX  "index_chores_on_house_id" ON "chores"  ("house_id")[0m
  [1m[35m (0.8ms)[0m  ALTER TABLE "chores" ADD CONSTRAINT "fk_rails_afe0a63c1d"
FOREIGN KEY ("house_id")
  REFERENCES "houses" ("id")

  [1m[36mSQL (0.1ms)[0m  [1mINSERT INTO "schema_migrations" ("version") VALUES ($1)[0m  [["version", "20150416211959"]]
  [1m[35m (0.5ms)[0m  COMMIT
Migrating to CreateChoreLogs (20150416212124)
  [1m[36m (0.2ms)[0m  [1mBEGIN[0m
  [1m[35m (2.6ms)[0m  CREATE TABLE "chore_logs" ("id" serial primary key, "user_id" integer, "chore_id" integer, "created_at" timestamp NOT NULL, "updated_at" timestamp NOT NULL) 
  [1m[36m (0.9ms)[0m  [1mCREATE  INDEX  "index_chore_logs_on_user_id" ON "chore_logs"  ("user_id")[0m
  [1m[35m (1.1ms)[0m  CREATE  INDEX  "index_chore_logs_on_chore_id" ON "chore_logs"  ("chore_id")
  [1m[36m (1.2ms)[0m  [1mALTER TABLE "chore_logs" ADD CONSTRAINT "fk_rails_7000e176e9"
FOREIGN KEY ("user_id")
  REFERENCES "users" ("id")
[0m
  [1m[35m (1.2ms)[0m  ALTER TABLE "chore_logs" ADD CONSTRAINT "fk_rails_61500d5c17"
FOREIGN KEY ("chore_id")
  REFERENCES "chores" ("id")

  [1m[36mSQL (0.1ms)[0m  [1mINSERT INTO "schema_migrations" ("version") VALUES ($1)[0m  [["version", "20150416212124"]]
  [1m[35m (0.5ms)[0m  COMMIT
Migrating to CreateEvents (20150416212247)
  [1m[36m (0.3ms)[0m  [1mBEGIN[0m
  [1m[35m (3.9ms)[0m  CREATE TABLE "events" ("id" serial primary key, "name" character varying, "date" timestamp, "description" character varying, "housing_assignment_id" integer, "created_at" timestamp NOT NULL, "updated_at" timestamp NOT NULL) 
  [1m[36m (1.1ms)[0m  [1mCREATE  INDEX  "index_events_on_housing_assignment_id" ON "events"  ("housing_assignment_id")[0m
  [1m[35m (2.4ms)[0m  ALTER TABLE "events" ADD CONSTRAINT "fk_rails_037b949f1d"
FOREIGN KEY ("housing_assignment_id")
  REFERENCES "housing_assignments" ("id")

  [1m[36mSQL (0.2ms)[0m  [1mINSERT INTO "schema_migrations" ("version") VALUES ($1)[0m  [["version", "20150416212247"]]
  [1m[35m (0.5ms)[0m  COMMIT
Migrating to CreateCommunalItems (20150416212642)
  [1m[36m (0.3ms)[0m  [1mBEGIN[0m
  [1m[35m (5.1ms)[0m  CREATE TABLE "communal_items" ("id" serial primary key, "name" character varying, "brand" character varying, "quantity" integer, "stock_level" character varying, "house_id" integer, "created_at" timestamp NOT NULL, "updated_at" timestamp NOT NULL) 
  [1m[36m (0.9ms)[0m  [1mCREATE  INDEX  "index_communal_items_on_house_id" ON "communal_items"  ("house_id")[0m
  [1m[35m (1.0ms)[0m  ALTER TABLE "communal_items" ADD CONSTRAINT "fk_rails_a48b235da7"
FOREIGN KEY ("house_id")
  REFERENCES "houses" ("id")

  [1m[36mSQL (0.1ms)[0m  [1mINSERT INTO "schema_migrations" ("version") VALUES ($1)[0m  [["version", "20150416212642"]]
  [1m[35m (0.5ms)[0m  COMMIT
Migrating to CreateMessages (20150416212824)
  [1m[36m (0.2ms)[0m  [1mBEGIN[0m
  [1m[35m (2.6ms)[0m  CREATE TABLE "messages" ("id" serial primary key, "content" character varying, "picture_url" character varying, "housing_assignment_id" integer, "created_at" timestamp NOT NULL, "updated_at" timestamp NOT NULL) 
  [1m[36m (0.8ms)[0m  [1mCREATE  INDEX  "index_messages_on_housing_assignment_id" ON "messages"  ("housing_assignment_id")[0m
  [1m[35m (0.9ms)[0m  ALTER TABLE "messages" ADD CONSTRAINT "fk_rails_0915f586e0"
FOREIGN KEY ("housing_assignment_id")
  REFERENCES "housing_assignments" ("id")

  [1m[36mSQL (0.1ms)[0m  [1mINSERT INTO "schema_migrations" ("version") VALUES ($1)[0m  [["version", "20150416212824"]]
  [1m[35m (0.5ms)[0m  COMMIT
Migrating to CreateIssues (20150416213117)
  [1m[36m (0.2ms)[0m  [1mBEGIN[0m
  [1m[35m (3.7ms)[0m  CREATE TABLE "issues" ("id" serial primary key, "reason" character varying, "user_id" integer, "issuable_id" integer, "issuable_type" character varying, "created_at" timestamp NOT NULL, "updated_at" timestamp NOT NULL) 
  [1m[36m (1.1ms)[0m  [1mCREATE  INDEX  "index_issues_on_user_id" ON "issues"  ("user_id")[0m
  [1m[35m (1.0ms)[0m  CREATE  INDEX  "index_issues_on_issuable_type_and_issuable_id" ON "issues"  ("issuable_type", "issuable_id")
  [1m[36m (0.9ms)[0m  [1mALTER TABLE "issues" ADD CONSTRAINT "fk_rails_f8f1052133"
FOREIGN KEY ("user_id")
  REFERENCES "users" ("id")
[0m
  [1m[35mSQL (0.2ms)[0m  INSERT INTO "schema_migrations" ("version") VALUES ($1)  [["version", "20150416213117"]]
  [1m[36m (0.7ms)[0m  [1mCOMMIT[0m
Migrating to CreateUserPromises (20150416213208)
  [1m[35m (0.4ms)[0m  BEGIN
  [1m[36m (3.9ms)[0m  [1mCREATE TABLE "user_promises" ("id" serial primary key, "fulfilled" boolean DEFAULT 'f', "user_id" integer, "promisable_id" integer, "promisable_type" character varying, "created_at" timestamp NOT NULL, "updated_at" timestamp NOT NULL) [0m
  [1m[35m (0.9ms)[0m  CREATE  INDEX  "index_user_promises_on_user_id" ON "user_promises"  ("user_id")
  [1m[36m (0.9ms)[0m  [1mCREATE  INDEX  "index_user_promises_on_promisable_type_and_promisable_id" ON "user_promises"  ("promisable_type", "promisable_id")[0m
  [1m[35m (1.0ms)[0m  ALTER TABLE "user_promises" ADD CONSTRAINT "fk_rails_3b54a6f768"
FOREIGN KEY ("user_id")
  REFERENCES "users" ("id")

  [1m[36mSQL (0.2ms)[0m  [1mINSERT INTO "schema_migrations" ("version") VALUES ($1)[0m  [["version", "20150416213208"]]
  [1m[35m (0.6ms)[0m  COMMIT
Migrating to AddAttachmentAvatarToUsers (20150417175305)
  [1m[36m (0.2ms)[0m  [1mBEGIN[0m
  [1m[35m (0.3ms)[0m  ALTER TABLE "users" ADD "avatar_file_name" character varying
  [1m[36m (0.2ms)[0m  [1mALTER TABLE "users" ADD "avatar_content_type" character varying[0m
  [1m[35m (0.1ms)[0m  ALTER TABLE "users" ADD "avatar_file_size" integer
  [1m[36m (0.1ms)[0m  [1mALTER TABLE "users" ADD "avatar_updated_at" timestamp[0m
  [1m[35mSQL (0.1ms)[0m  INSERT INTO "schema_migrations" ("version") VALUES ($1)  [["version", "20150417175305"]]
  [1m[36m (0.3ms)[0m  [1mCOMMIT[0m
  [1m[35mActiveRecord::SchemaMigration Load (0.2ms)[0m  SELECT "schema_migrations".* FROM "schema_migrations"
  [1m[36m (3.0ms)[0m  [1mSELECT t2.oid::regclass::text AS to_table, a1.attname AS column, a2.attname AS primary_key, c.conname AS name, c.confupdtype AS on_update, c.confdeltype AS on_delete
FROM pg_constraint c
JOIN pg_class t1 ON c.conrelid = t1.oid
JOIN pg_class t2 ON c.confrelid = t2.oid
JOIN pg_attribute a1 ON a1.attnum = c.conkey[1] AND a1.attrelid = t1.oid
JOIN pg_attribute a2 ON a2.attnum = c.confkey[1] AND a2.attrelid = t2.oid
JOIN pg_namespace t3 ON c.connamespace = t3.oid
WHERE c.contype = 'f'
  AND t1.relname = 'addresses'
  AND t3.nspname = ANY (current_schemas(false))
ORDER BY c.conname
[0m
  [1m[35m (2.1ms)[0m  SELECT t2.oid::regclass::text AS to_table, a1.attname AS column, a2.attname AS primary_key, c.conname AS name, c.confupdtype AS on_update, c.confdeltype AS on_delete
FROM pg_constraint c
JOIN pg_class t1 ON c.conrelid = t1.oid
JOIN pg_class t2 ON c.confrelid = t2.oid
JOIN pg_attribute a1 ON a1.attnum = c.conkey[1] AND a1.attrelid = t1.oid
JOIN pg_attribute a2 ON a2.attnum = c.confkey[1] AND a2.attrelid = t2.oid
JOIN pg_namespace t3 ON c.connamespace = t3.oid
WHERE c.contype = 'f'
  AND t1.relname = 'chore_logs'
  AND t3.nspname = ANY (current_schemas(false))
ORDER BY c.conname

  [1m[36m (2.0ms)[0m  [1mSELECT t2.oid::regclass::text AS to_table, a1.attname AS column, a2.attname AS primary_key, c.conname AS name, c.confupdtype AS on_update, c.confdeltype AS on_delete
FROM pg_constraint c
JOIN pg_class t1 ON c.conrelid = t1.oid
JOIN pg_class t2 ON c.confrelid = t2.oid
JOIN pg_attribute a1 ON a1.attnum = c.conkey[1] AND a1.attrelid = t1.oid
JOIN pg_attribute a2 ON a2.attnum = c.confkey[1] AND a2.attrelid = t2.oid
JOIN pg_namespace t3 ON c.connamespace = t3.oid
WHERE c.contype = 'f'
  AND t1.relname = 'chores'
  AND t3.nspname = ANY (current_schemas(false))
ORDER BY c.conname
[0m
  [1m[35m (1.8ms)[0m  SELECT t2.oid::regclass::text AS to_table, a1.attname AS column, a2.attname AS primary_key, c.conname AS name, c.confupdtype AS on_update, c.confdeltype AS on_delete
FROM pg_constraint c
JOIN pg_class t1 ON c.conrelid = t1.oid
JOIN pg_class t2 ON c.confrelid = t2.oid
JOIN pg_attribute a1 ON a1.attnum = c.conkey[1] AND a1.attrelid = t1.oid
JOIN pg_attribute a2 ON a2.attnum = c.confkey[1] AND a2.attrelid = t2.oid
JOIN pg_namespace t3 ON c.connamespace = t3.oid
WHERE c.contype = 'f'
  AND t1.relname = 'communal_items'
  AND t3.nspname = ANY (current_schemas(false))
ORDER BY c.conname

  [1m[36m (1.7ms)[0m  [1mSELECT t2.oid::regclass::text AS to_table, a1.attname AS column, a2.attname AS primary_key, c.conname AS name, c.confupdtype AS on_update, c.confdeltype AS on_delete
FROM pg_constraint c
JOIN pg_class t1 ON c.conrelid = t1.oid
JOIN pg_class t2 ON c.confrelid = t2.oid
JOIN pg_attribute a1 ON a1.attnum = c.conkey[1] AND a1.attrelid = t1.oid
JOIN pg_attribute a2 ON a2.attnum = c.confkey[1] AND a2.attrelid = t2.oid
JOIN pg_namespace t3 ON c.connamespace = t3.oid
WHERE c.contype = 'f'
  AND t1.relname = 'events'
  AND t3.nspname = ANY (current_schemas(false))
ORDER BY c.conname
[0m
  [1m[35m (3.5ms)[0m  SELECT t2.oid::regclass::text AS to_table, a1.attname AS column, a2.attname AS primary_key, c.conname AS name, c.confupdtype AS on_update, c.confdeltype AS on_delete
FROM pg_constraint c
JOIN pg_class t1 ON c.conrelid = t1.oid
JOIN pg_class t2 ON c.confrelid = t2.oid
JOIN pg_attribute a1 ON a1.attnum = c.conkey[1] AND a1.attrelid = t1.oid
JOIN pg_attribute a2 ON a2.attnum = c.confkey[1] AND a2.attrelid = t2.oid
JOIN pg_namespace t3 ON c.connamespace = t3.oid
WHERE c.contype = 'f'
  AND t1.relname = 'houses'
  AND t3.nspname = ANY (current_schemas(false))
ORDER BY c.conname

  [1m[36m (1.9ms)[0m  [1mSELECT t2.oid::regclass::text AS to_table, a1.attname AS column, a2.attname AS primary_key, c.conname AS name, c.confupdtype AS on_update, c.confdeltype AS on_delete
FROM pg_constraint c
JOIN pg_class t1 ON c.conrelid = t1.oid
JOIN pg_class t2 ON c.confrelid = t2.oid
JOIN pg_attribute a1 ON a1.attnum = c.conkey[1] AND a1.attrelid = t1.oid
JOIN pg_attribute a2 ON a2.attnum = c.confkey[1] AND a2.attrelid = t2.oid
JOIN pg_namespace t3 ON c.connamespace = t3.oid
WHERE c.contype = 'f'
  AND t1.relname = 'housing_assignments'
  AND t3.nspname = ANY (current_schemas(false))
ORDER BY c.conname
[0m
  [1m[35m (1.9ms)[0m  SELECT t2.oid::regclass::text AS to_table, a1.attname AS column, a2.attname AS primary_key, c.conname AS name, c.confupdtype AS on_update, c.confdeltype AS on_delete
FROM pg_constraint c
JOIN pg_class t1 ON c.conrelid = t1.oid
JOIN pg_class t2 ON c.confrelid = t2.oid
JOIN pg_attribute a1 ON a1.attnum = c.conkey[1] AND a1.attrelid = t1.oid
JOIN pg_attribute a2 ON a2.attnum = c.confkey[1] AND a2.attrelid = t2.oid
JOIN pg_namespace t3 ON c.connamespace = t3.oid
WHERE c.contype = 'f'
  AND t1.relname = 'issues'
  AND t3.nspname = ANY (current_schemas(false))
ORDER BY c.conname

  [1m[36m (1.7ms)[0m  [1mSELECT t2.oid::regclass::text AS to_table, a1.attname AS column, a2.attname AS primary_key, c.conname AS name, c.confupdtype AS on_update, c.confdeltype AS on_delete
FROM pg_constraint c
JOIN pg_class t1 ON c.conrelid = t1.oid
JOIN pg_class t2 ON c.confrelid = t2.oid
JOIN pg_attribute a1 ON a1.attnum = c.conkey[1] AND a1.attrelid = t1.oid
JOIN pg_attribute a2 ON a2.attnum = c.confkey[1] AND a2.attrelid = t2.oid
JOIN pg_namespace t3 ON c.connamespace = t3.oid
WHERE c.contype = 'f'
  AND t1.relname = 'messages'
  AND t3.nspname = ANY (current_schemas(false))
ORDER BY c.conname
[0m
  [1m[35m (2.2ms)[0m  SELECT t2.oid::regclass::text AS to_table, a1.attname AS column, a2.attname AS primary_key, c.conname AS name, c.confupdtype AS on_update, c.confdeltype AS on_delete
FROM pg_constraint c
JOIN pg_class t1 ON c.conrelid = t1.oid
JOIN pg_class t2 ON c.confrelid = t2.oid
JOIN pg_attribute a1 ON a1.attnum = c.conkey[1] AND a1.attrelid = t1.oid
JOIN pg_attribute a2 ON a2.attnum = c.confkey[1] AND a2.attrelid = t2.oid
JOIN pg_namespace t3 ON c.connamespace = t3.oid
WHERE c.contype = 'f'
  AND t1.relname = 'property_managers'
  AND t3.nspname = ANY (current_schemas(false))
ORDER BY c.conname

  [1m[36m (1.8ms)[0m  [1mSELECT t2.oid::regclass::text AS to_table, a1.attname AS column, a2.attname AS primary_key, c.conname AS name, c.confupdtype AS on_update, c.confdeltype AS on_delete
FROM pg_constraint c
JOIN pg_class t1 ON c.conrelid = t1.oid
JOIN pg_class t2 ON c.confrelid = t2.oid
JOIN pg_attribute a1 ON a1.attnum = c.conkey[1] AND a1.attrelid = t1.oid
JOIN pg_attribute a2 ON a2.attnum = c.confkey[1] AND a2.attrelid = t2.oid
JOIN pg_namespace t3 ON c.connamespace = t3.oid
WHERE c.contype = 'f'
  AND t1.relname = 'rules'
  AND t3.nspname = ANY (current_schemas(false))
ORDER BY c.conname
[0m
  [1m[35m (2.0ms)[0m  SELECT t2.oid::regclass::text AS to_table, a1.attname AS column, a2.attname AS primary_key, c.conname AS name, c.confupdtype AS on_update, c.confdeltype AS on_delete
FROM pg_constraint c
JOIN pg_class t1 ON c.conrelid = t1.oid
JOIN pg_class t2 ON c.confrelid = t2.oid
JOIN pg_attribute a1 ON a1.attnum = c.conkey[1] AND a1.attrelid = t1.oid
JOIN pg_attribute a2 ON a2.attnum = c.confkey[1] AND a2.attrelid = t2.oid
JOIN pg_namespace t3 ON c.connamespace = t3.oid
WHERE c.contype = 'f'
  AND t1.relname = 'user_promises'
  AND t3.nspname = ANY (current_schemas(false))
ORDER BY c.conname

  [1m[36m (1.8ms)[0m  [1mSELECT t2.oid::regclass::text AS to_table, a1.attname AS column, a2.attname AS primary_key, c.conname AS name, c.confupdtype AS on_update, c.confdeltype AS on_delete
FROM pg_constraint c
JOIN pg_class t1 ON c.conrelid = t1.oid
JOIN pg_class t2 ON c.confrelid = t2.oid
JOIN pg_attribute a1 ON a1.attnum = c.conkey[1] AND a1.attrelid = t1.oid
JOIN pg_attribute a2 ON a2.attnum = c.confkey[1] AND a2.attrelid = t2.oid
JOIN pg_namespace t3 ON c.connamespace = t3.oid
WHERE c.contype = 'f'
  AND t1.relname = 'users'
  AND t3.nspname = ANY (current_schemas(false))
ORDER BY c.conname
[0m
  [1m[36mActiveRecord::SchemaMigration Load (0.3ms)[0m  [1mSELECT "schema_migrations".* FROM "schema_migrations"[0m
  [1m[36m (3.3ms)[0m  [1mCREATE TABLE "schema_migrations" ("version" character varying NOT NULL) [0m
  [1m[35m (1.2ms)[0m  CREATE UNIQUE INDEX  "unique_schema_migrations" ON "schema_migrations"  ("version")
  [1m[36mActiveRecord::SchemaMigration Load (0.3ms)[0m  [1mSELECT "schema_migrations".* FROM "schema_migrations"[0m
Migrating to CreateUsers (20150416210314)
  [1m[35m (0.2ms)[0m  BEGIN
  [1m[36m (3.4ms)[0m  [1mCREATE TABLE "users" ("id" serial primary key, "first_name" character varying, "last_name" character varying, "email" character varying, "password_digest" character varying, "phone" character varying, "created_at" timestamp NOT NULL, "updated_at" timestamp NOT NULL) [0m
  [1m[35mSQL (0.4ms)[0m  INSERT INTO "schema_migrations" ("version") VALUES ($1)  [["version", "20150416210314"]]
  [1m[36m (0.5ms)[0m  [1mCOMMIT[0m
Migrating to CreateAddresses (20150416210715)
  [1m[35m (0.2ms)[0m  BEGIN
  [1m[36m (4.4ms)[0m  [1mCREATE TABLE "addresses" ("id" serial primary key, "street" character varying, "city" character varying, "state" character varying, "zip_code" integer, "addressable_id" integer, "addressable_type" character varying, "created_at" timestamp NOT NULL, "updated_at" timestamp NOT NULL) [0m
  [1m[35m (1.2ms)[0m  CREATE  INDEX  "index_addresses_on_addressable_type_and_addressable_id" ON "addresses"  ("addressable_type", "addressable_id")
  [1m[36mSQL (0.3ms)[0m  [1mINSERT INTO "schema_migrations" ("version") VALUES ($1)[0m  [["version", "20150416210715"]]
  [1m[35m (0.7ms)[0m  COMMIT
Migrating to CreatePropertyManagers (20150416210951)
  [1m[36m (0.3ms)[0m  [1mBEGIN[0m
  [1m[35m (4.0ms)[0m  CREATE TABLE "property_managers" ("id" serial primary key, "name" character varying, "phone" character varying, "email" character varying, "created_at" timestamp NOT NULL, "updated_at" timestamp NOT NULL) 
  [1m[36mSQL (0.5ms)[0m  [1mINSERT INTO "schema_migrations" ("version") VALUES ($1)[0m  [["version", "20150416210951"]]
  [1m[35m (0.6ms)[0m  COMMIT
Migrating to CreateHouses (20150416211341)
  [1m[36m (0.3ms)[0m  [1mBEGIN[0m
  [1m[35m (3.9ms)[0m  CREATE TABLE "houses" ("id" serial primary key, "name" character varying, "property_manager_id" integer, "created_at" timestamp NOT NULL, "updated_at" timestamp NOT NULL) 
  [1m[36m (1.1ms)[0m  [1mCREATE  INDEX  "index_houses_on_property_manager_id" ON "houses"  ("property_manager_id")[0m
  [1m[35m (2.7ms)[0m  ALTER TABLE "houses" ADD CONSTRAINT "fk_rails_fca970acce"
FOREIGN KEY ("property_manager_id")
  REFERENCES "property_managers" ("id")

  [1m[36mSQL (0.3ms)[0m  [1mINSERT INTO "schema_migrations" ("version") VALUES ($1)[0m  [["version", "20150416211341"]]
  [1m[35m (0.7ms)[0m  COMMIT
Migrating to CreateHousingAssignments (20150416211419)
  [1m[36m (0.3ms)[0m  [1mBEGIN[0m
  [1m[35m (2.9ms)[0m  CREATE TABLE "housing_assignments" ("id" serial primary key, "user_id" integer, "house_id" integer, "lease_url" character varying, "created_at" timestamp NOT NULL, "updated_at" timestamp NOT NULL) 
  [1m[36m (0.8ms)[0m  [1mCREATE  INDEX  "index_housing_assignments_on_user_id" ON "housing_assignments"  ("user_id")[0m
  [1m[35m (0.9ms)[0m  CREATE  INDEX  "index_housing_assignments_on_house_id" ON "housing_assignments"  ("house_id")
  [1m[36m (1.2ms)[0m  [1mALTER TABLE "housing_assignments" ADD CONSTRAINT "fk_rails_c9acd19e64"
FOREIGN KEY ("user_id")
  REFERENCES "users" ("id")
[0m
  [1m[35m (1.1ms)[0m  ALTER TABLE "housing_assignments" ADD CONSTRAINT "fk_rails_940a2b850f"
FOREIGN KEY ("house_id")
  REFERENCES "houses" ("id")

  [1m[36mSQL (0.2ms)[0m  [1mINSERT INTO "schema_migrations" ("version") VALUES ($1)[0m  [["version", "20150416211419"]]
  [1m[35m (0.6ms)[0m  COMMIT
Migrating to CreateRules (20150416211922)
  [1m[36m (0.2ms)[0m  [1mBEGIN[0m
  [1m[35m (2.7ms)[0m  CREATE TABLE "rules" ("id" serial primary key, "content" character varying, "housing_assignment_id" integer, "created_at" timestamp NOT NULL, "updated_at" timestamp NOT NULL) 
  [1m[36m (0.8ms)[0m  [1mCREATE  INDEX  "index_rules_on_housing_assignment_id" ON "rules"  ("housing_assignment_id")[0m
  [1m[35m (0.9ms)[0m  ALTER TABLE "rules" ADD CONSTRAINT "fk_rails_af3a036cef"
FOREIGN KEY ("housing_assignment_id")
  REFERENCES "housing_assignments" ("id")

  [1m[36mSQL (0.2ms)[0m  [1mINSERT INTO "schema_migrations" ("version") VALUES ($1)[0m  [["version", "20150416211922"]]
  [1m[35m (0.5ms)[0m  COMMIT
Migrating to CreateChores (20150416211959)
  [1m[36m (0.2ms)[0m  [1mBEGIN[0m
  [1m[35m (2.7ms)[0m  CREATE TABLE "chores" ("id" serial primary key, "task" character varying, "house_id" integer, "created_at" timestamp NOT NULL, "updated_at" timestamp NOT NULL) 
  [1m[36m (1.4ms)[0m  [1mCREATE  INDEX  "index_chores_on_house_id" ON "chores"  ("house_id")[0m
  [1m[35m (1.4ms)[0m  ALTER TABLE "chores" ADD CONSTRAINT "fk_rails_afe0a63c1d"
FOREIGN KEY ("house_id")
  REFERENCES "houses" ("id")

  [1m[36mSQL (0.2ms)[0m  [1mINSERT INTO "schema_migrations" ("version") VALUES ($1)[0m  [["version", "20150416211959"]]
  [1m[35m (0.5ms)[0m  COMMIT
Migrating to CreateChoreLogs (20150416212124)
  [1m[36m (0.2ms)[0m  [1mBEGIN[0m
  [1m[35m (1.8ms)[0m  CREATE TABLE "chore_logs" ("id" serial primary key, "user_id" integer, "chore_id" integer, "created_at" timestamp NOT NULL, "updated_at" timestamp NOT NULL) 
  [1m[36m (1.2ms)[0m  [1mCREATE  INDEX  "index_chore_logs_on_user_id" ON "chore_logs"  ("user_id")[0m
  [1m[35m (1.0ms)[0m  CREATE  INDEX  "index_chore_logs_on_chore_id" ON "chore_logs"  ("chore_id")
  [1m[36m (1.2ms)[0m  [1mALTER TABLE "chore_logs" ADD CONSTRAINT "fk_rails_7000e176e9"
FOREIGN KEY ("user_id")
  REFERENCES "users" ("id")
[0m
  [1m[35m (1.2ms)[0m  ALTER TABLE "chore_logs" ADD CONSTRAINT "fk_rails_61500d5c17"
FOREIGN KEY ("chore_id")
  REFERENCES "chores" ("id")

  [1m[36mSQL (0.2ms)[0m  [1mINSERT INTO "schema_migrations" ("version") VALUES ($1)[0m  [["version", "20150416212124"]]
  [1m[35m (0.5ms)[0m  COMMIT
Migrating to CreateEvents (20150416212247)
  [1m[36m (0.2ms)[0m  [1mBEGIN[0m
  [1m[35m (3.4ms)[0m  CREATE TABLE "events" ("id" serial primary key, "name" character varying, "date" timestamp, "description" character varying, "housing_assignment_id" integer, "created_at" timestamp NOT NULL, "updated_at" timestamp NOT NULL) 
  [1m[36m (1.5ms)[0m  [1mCREATE  INDEX  "index_events_on_housing_assignment_id" ON "events"  ("housing_assignment_id")[0m
  [1m[35m (1.0ms)[0m  ALTER TABLE "events" ADD CONSTRAINT "fk_rails_037b949f1d"
FOREIGN KEY ("housing_assignment_id")
  REFERENCES "housing_assignments" ("id")

  [1m[36mSQL (0.2ms)[0m  [1mINSERT INTO "schema_migrations" ("version") VALUES ($1)[0m  [["version", "20150416212247"]]
  [1m[35m (0.6ms)[0m  COMMIT
Migrating to CreateCommunalItems (20150416212642)
  [1m[36m (0.2ms)[0m  [1mBEGIN[0m
  [1m[35m (4.4ms)[0m  CREATE TABLE "communal_items" ("id" serial primary key, "name" character varying, "brand" character varying, "quantity" integer, "stock_level" character varying, "house_id" integer, "created_at" timestamp NOT NULL, "updated_at" timestamp NOT NULL) 
  [1m[36m (0.9ms)[0m  [1mCREATE  INDEX  "index_communal_items_on_house_id" ON "communal_items"  ("house_id")[0m
  [1m[35m (0.9ms)[0m  ALTER TABLE "communal_items" ADD CONSTRAINT "fk_rails_a48b235da7"
FOREIGN KEY ("house_id")
  REFERENCES "houses" ("id")

  [1m[36mSQL (0.1ms)[0m  [1mINSERT INTO "schema_migrations" ("version") VALUES ($1)[0m  [["version", "20150416212642"]]
  [1m[35m (0.5ms)[0m  COMMIT
Migrating to CreateMessages (20150416212824)
  [1m[36m (0.2ms)[0m  [1mBEGIN[0m
  [1m[35m (3.1ms)[0m  CREATE TABLE "messages" ("id" serial primary key, "content" character varying, "picture_url" character varying, "housing_assignment_id" integer, "created_at" timestamp NOT NULL, "updated_at" timestamp NOT NULL) 
  [1m[36m (1.1ms)[0m  [1mCREATE  INDEX  "index_messages_on_housing_assignment_id" ON "messages"  ("housing_assignment_id")[0m
  [1m[35m (1.3ms)[0m  ALTER TABLE "messages" ADD CONSTRAINT "fk_rails_0915f586e0"
FOREIGN KEY ("housing_assignment_id")
  REFERENCES "housing_assignments" ("id")

  [1m[36mSQL (0.1ms)[0m  [1mINSERT INTO "schema_migrations" ("version") VALUES ($1)[0m  [["version", "20150416212824"]]
  [1m[35m (0.6ms)[0m  COMMIT
Migrating to CreateIssues (20150416213117)
  [1m[36m (0.3ms)[0m  [1mBEGIN[0m
  [1m[35m (2.8ms)[0m  CREATE TABLE "issues" ("id" serial primary key, "reason" character varying, "user_id" integer, "issuable_id" integer, "issuable_type" character varying, "created_at" timestamp NOT NULL, "updated_at" timestamp NOT NULL) 
  [1m[36m (0.8ms)[0m  [1mCREATE  INDEX  "index_issues_on_user_id" ON "issues"  ("user_id")[0m
  [1m[35m (1.0ms)[0m  CREATE  INDEX  "index_issues_on_issuable_type_and_issuable_id" ON "issues"  ("issuable_type", "issuable_id")
  [1m[36m (1.0ms)[0m  [1mALTER TABLE "issues" ADD CONSTRAINT "fk_rails_f8f1052133"
FOREIGN KEY ("user_id")
  REFERENCES "users" ("id")
[0m
  [1m[35mSQL (0.2ms)[0m  INSERT INTO "schema_migrations" ("version") VALUES ($1)  [["version", "20150416213117"]]
  [1m[36m (0.6ms)[0m  [1mCOMMIT[0m
Migrating to CreateUserPromises (20150416213208)
  [1m[35m (0.3ms)[0m  BEGIN
  [1m[36m (5.4ms)[0m  [1mCREATE TABLE "user_promises" ("id" serial primary key, "fulfilled" boolean DEFAULT 'f', "user_id" integer, "promisable_id" integer, "promisable_type" character varying, "created_at" timestamp NOT NULL, "updated_at" timestamp NOT NULL) [0m
  [1m[35m (1.2ms)[0m  CREATE  INDEX  "index_user_promises_on_user_id" ON "user_promises"  ("user_id")
  [1m[36m (1.7ms)[0m  [1mCREATE  INDEX  "index_user_promises_on_promisable_type_and_promisable_id" ON "user_promises"  ("promisable_type", "promisable_id")[0m
  [1m[35m (1.9ms)[0m  ALTER TABLE "user_promises" ADD CONSTRAINT "fk_rails_3b54a6f768"
FOREIGN KEY ("user_id")
  REFERENCES "users" ("id")

  [1m[36mSQL (0.2ms)[0m  [1mINSERT INTO "schema_migrations" ("version") VALUES ($1)[0m  [["version", "20150416213208"]]
  [1m[35m (0.6ms)[0m  COMMIT
Migrating to AddAttachmentAvatarToUsers (20150417175305)
  [1m[36m (0.5ms)[0m  [1mBEGIN[0m
  [1m[35m (0.4ms)[0m  ALTER TABLE "users" ADD "avatar_file_name" character varying
  [1m[36m (0.4ms)[0m  [1mALTER TABLE "users" ADD "avatar_content_type" character varying[0m
  [1m[35m (0.4ms)[0m  ALTER TABLE "users" ADD "avatar_file_size" integer
  [1m[36m (0.2ms)[0m  [1mALTER TABLE "users" ADD "avatar_updated_at" timestamp[0m
  [1m[35mSQL (0.2ms)[0m  INSERT INTO "schema_migrations" ("version") VALUES ($1)  [["version", "20150417175305"]]
  [1m[36m (0.4ms)[0m  [1mCOMMIT[0m
  [1m[35mActiveRecord::SchemaMigration Load (0.3ms)[0m  SELECT "schema_migrations".* FROM "schema_migrations"
  [1m[36m (2.3ms)[0m  [1mSELECT t2.oid::regclass::text AS to_table, a1.attname AS column, a2.attname AS primary_key, c.conname AS name, c.confupdtype AS on_update, c.confdeltype AS on_delete
FROM pg_constraint c
JOIN pg_class t1 ON c.conrelid = t1.oid
JOIN pg_class t2 ON c.confrelid = t2.oid
JOIN pg_attribute a1 ON a1.attnum = c.conkey[1] AND a1.attrelid = t1.oid
JOIN pg_attribute a2 ON a2.attnum = c.confkey[1] AND a2.attrelid = t2.oid
JOIN pg_namespace t3 ON c.connamespace = t3.oid
WHERE c.contype = 'f'
  AND t1.relname = 'addresses'
  AND t3.nspname = ANY (current_schemas(false))
ORDER BY c.conname
[0m
  [1m[35m (1.9ms)[0m  SELECT t2.oid::regclass::text AS to_table, a1.attname AS column, a2.attname AS primary_key, c.conname AS name, c.confupdtype AS on_update, c.confdeltype AS on_delete
FROM pg_constraint c
JOIN pg_class t1 ON c.conrelid = t1.oid
JOIN pg_class t2 ON c.confrelid = t2.oid
JOIN pg_attribute a1 ON a1.attnum = c.conkey[1] AND a1.attrelid = t1.oid
JOIN pg_attribute a2 ON a2.attnum = c.confkey[1] AND a2.attrelid = t2.oid
JOIN pg_namespace t3 ON c.connamespace = t3.oid
WHERE c.contype = 'f'
  AND t1.relname = 'chore_logs'
  AND t3.nspname = ANY (current_schemas(false))
ORDER BY c.conname

  [1m[36m (1.8ms)[0m  [1mSELECT t2.oid::regclass::text AS to_table, a1.attname AS column, a2.attname AS primary_key, c.conname AS name, c.confupdtype AS on_update, c.confdeltype AS on_delete
FROM pg_constraint c
JOIN pg_class t1 ON c.conrelid = t1.oid
JOIN pg_class t2 ON c.confrelid = t2.oid
JOIN pg_attribute a1 ON a1.attnum = c.conkey[1] AND a1.attrelid = t1.oid
JOIN pg_attribute a2 ON a2.attnum = c.confkey[1] AND a2.attrelid = t2.oid
JOIN pg_namespace t3 ON c.connamespace = t3.oid
WHERE c.contype = 'f'
  AND t1.relname = 'chores'
  AND t3.nspname = ANY (current_schemas(false))
ORDER BY c.conname
[0m
  [1m[35m (2.1ms)[0m  SELECT t2.oid::regclass::text AS to_table, a1.attname AS column, a2.attname AS primary_key, c.conname AS name, c.confupdtype AS on_update, c.confdeltype AS on_delete
FROM pg_constraint c
JOIN pg_class t1 ON c.conrelid = t1.oid
JOIN pg_class t2 ON c.confrelid = t2.oid
JOIN pg_attribute a1 ON a1.attnum = c.conkey[1] AND a1.attrelid = t1.oid
JOIN pg_attribute a2 ON a2.attnum = c.confkey[1] AND a2.attrelid = t2.oid
JOIN pg_namespace t3 ON c.connamespace = t3.oid
WHERE c.contype = 'f'
  AND t1.relname = 'communal_items'
  AND t3.nspname = ANY (current_schemas(false))
ORDER BY c.conname

  [1m[36m (2.1ms)[0m  [1mSELECT t2.oid::regclass::text AS to_table, a1.attname AS column, a2.attname AS primary_key, c.conname AS name, c.confupdtype AS on_update, c.confdeltype AS on_delete
FROM pg_constraint c
JOIN pg_class t1 ON c.conrelid = t1.oid
JOIN pg_class t2 ON c.confrelid = t2.oid
JOIN pg_attribute a1 ON a1.attnum = c.conkey[1] AND a1.attrelid = t1.oid
JOIN pg_attribute a2 ON a2.attnum = c.confkey[1] AND a2.attrelid = t2.oid
JOIN pg_namespace t3 ON c.connamespace = t3.oid
WHERE c.contype = 'f'
  AND t1.relname = 'events'
  AND t3.nspname = ANY (current_schemas(false))
ORDER BY c.conname
[0m
  [1m[35m (1.8ms)[0m  SELECT t2.oid::regclass::text AS to_table, a1.attname AS column, a2.attname AS primary_key, c.conname AS name, c.confupdtype AS on_update, c.confdeltype AS on_delete
FROM pg_constraint c
JOIN pg_class t1 ON c.conrelid = t1.oid
JOIN pg_class t2 ON c.confrelid = t2.oid
JOIN pg_attribute a1 ON a1.attnum = c.conkey[1] AND a1.attrelid = t1.oid
JOIN pg_attribute a2 ON a2.attnum = c.confkey[1] AND a2.attrelid = t2.oid
JOIN pg_namespace t3 ON c.connamespace = t3.oid
WHERE c.contype = 'f'
  AND t1.relname = 'houses'
  AND t3.nspname = ANY (current_schemas(false))
ORDER BY c.conname

  [1m[36m (1.9ms)[0m  [1mSELECT t2.oid::regclass::text AS to_table, a1.attname AS column, a2.attname AS primary_key, c.conname AS name, c.confupdtype AS on_update, c.confdeltype AS on_delete
FROM pg_constraint c
JOIN pg_class t1 ON c.conrelid = t1.oid
JOIN pg_class t2 ON c.confrelid = t2.oid
JOIN pg_attribute a1 ON a1.attnum = c.conkey[1] AND a1.attrelid = t1.oid
JOIN pg_attribute a2 ON a2.attnum = c.confkey[1] AND a2.attrelid = t2.oid
JOIN pg_namespace t3 ON c.connamespace = t3.oid
WHERE c.contype = 'f'
  AND t1.relname = 'housing_assignments'
  AND t3.nspname = ANY (current_schemas(false))
ORDER BY c.conname
[0m
  [1m[35m (1.8ms)[0m  SELECT t2.oid::regclass::text AS to_table, a1.attname AS column, a2.attname AS primary_key, c.conname AS name, c.confupdtype AS on_update, c.confdeltype AS on_delete
FROM pg_constraint c
JOIN pg_class t1 ON c.conrelid = t1.oid
JOIN pg_class t2 ON c.confrelid = t2.oid
JOIN pg_attribute a1 ON a1.attnum = c.conkey[1] AND a1.attrelid = t1.oid
JOIN pg_attribute a2 ON a2.attnum = c.confkey[1] AND a2.attrelid = t2.oid
JOIN pg_namespace t3 ON c.connamespace = t3.oid
WHERE c.contype = 'f'
  AND t1.relname = 'issues'
  AND t3.nspname = ANY (current_schemas(false))
ORDER BY c.conname

  [1m[36m (1.9ms)[0m  [1mSELECT t2.oid::regclass::text AS to_table, a1.attname AS column, a2.attname AS primary_key, c.conname AS name, c.confupdtype AS on_update, c.confdeltype AS on_delete
FROM pg_constraint c
JOIN pg_class t1 ON c.conrelid = t1.oid
JOIN pg_class t2 ON c.confrelid = t2.oid
JOIN pg_attribute a1 ON a1.attnum = c.conkey[1] AND a1.attrelid = t1.oid
JOIN pg_attribute a2 ON a2.attnum = c.confkey[1] AND a2.attrelid = t2.oid
JOIN pg_namespace t3 ON c.connamespace = t3.oid
WHERE c.contype = 'f'
  AND t1.relname = 'messages'
  AND t3.nspname = ANY (current_schemas(false))
ORDER BY c.conname
[0m
  [1m[35m (2.1ms)[0m  SELECT t2.oid::regclass::text AS to_table, a1.attname AS column, a2.attname AS primary_key, c.conname AS name, c.confupdtype AS on_update, c.confdeltype AS on_delete
FROM pg_constraint c
JOIN pg_class t1 ON c.conrelid = t1.oid
JOIN pg_class t2 ON c.confrelid = t2.oid
JOIN pg_attribute a1 ON a1.attnum = c.conkey[1] AND a1.attrelid = t1.oid
JOIN pg_attribute a2 ON a2.attnum = c.confkey[1] AND a2.attrelid = t2.oid
JOIN pg_namespace t3 ON c.connamespace = t3.oid
WHERE c.contype = 'f'
  AND t1.relname = 'property_managers'
  AND t3.nspname = ANY (current_schemas(false))
ORDER BY c.conname

  [1m[36m (2.4ms)[0m  [1mSELECT t2.oid::regclass::text AS to_table, a1.attname AS column, a2.attname AS primary_key, c.conname AS name, c.confupdtype AS on_update, c.confdeltype AS on_delete
FROM pg_constraint c
JOIN pg_class t1 ON c.conrelid = t1.oid
JOIN pg_class t2 ON c.confrelid = t2.oid
JOIN pg_attribute a1 ON a1.attnum = c.conkey[1] AND a1.attrelid = t1.oid
JOIN pg_attribute a2 ON a2.attnum = c.confkey[1] AND a2.attrelid = t2.oid
JOIN pg_namespace t3 ON c.connamespace = t3.oid
WHERE c.contype = 'f'
  AND t1.relname = 'rules'
  AND t3.nspname = ANY (current_schemas(false))
ORDER BY c.conname
[0m
  [1m[35m (2.6ms)[0m  SELECT t2.oid::regclass::text AS to_table, a1.attname AS column, a2.attname AS primary_key, c.conname AS name, c.confupdtype AS on_update, c.confdeltype AS on_delete
FROM pg_constraint c
JOIN pg_class t1 ON c.conrelid = t1.oid
JOIN pg_class t2 ON c.confrelid = t2.oid
JOIN pg_attribute a1 ON a1.attnum = c.conkey[1] AND a1.attrelid = t1.oid
JOIN pg_attribute a2 ON a2.attnum = c.confkey[1] AND a2.attrelid = t2.oid
JOIN pg_namespace t3 ON c.connamespace = t3.oid
WHERE c.contype = 'f'
  AND t1.relname = 'user_promises'
  AND t3.nspname = ANY (current_schemas(false))
ORDER BY c.conname

  [1m[36m (2.2ms)[0m  [1mSELECT t2.oid::regclass::text AS to_table, a1.attname AS column, a2.attname AS primary_key, c.conname AS name, c.confupdtype AS on_update, c.confdeltype AS on_delete
FROM pg_constraint c
JOIN pg_class t1 ON c.conrelid = t1.oid
JOIN pg_class t2 ON c.confrelid = t2.oid
JOIN pg_attribute a1 ON a1.attnum = c.conkey[1] AND a1.attrelid = t1.oid
JOIN pg_attribute a2 ON a2.attnum = c.confkey[1] AND a2.attrelid = t2.oid
JOIN pg_namespace t3 ON c.connamespace = t3.oid
WHERE c.contype = 'f'
  AND t1.relname = 'users'
  AND t3.nspname = ANY (current_schemas(false))
ORDER BY c.conname
[0m
  [1m[36mActiveRecord::SchemaMigration Load (0.5ms)[0m  [1mSELECT "schema_migrations".* FROM "schema_migrations"[0m
  [1m[35m (0.2ms)[0m  BEGIN
  [1m[36mUser Exists (0.7ms)[0m  [1mSELECT  1 AS one FROM "users" WHERE "users"."email" = 'paul@paul.com' LIMIT 1[0m
  [1m[35m (0.4ms)[0m  ROLLBACK
  [1m[36m (0.2ms)[0m  [1mBEGIN[0m
  [1m[35mSQL (15.1ms)[0m  INSERT INTO "addresses" ("street", "city", "state", "zip_code", "created_at", "updated_at") VALUES ($1, $2, $3, $4, $5, $6) RETURNING "id"  [["street", "1462 W Carmen Ave Apt 2"], ["city", "Chicago"], ["state", "IL"], ["zip_code", 60640], ["created_at", "2015-04-17 19:00:22.351673"], ["updated_at", "2015-04-17 19:00:22.351673"]]
  [1m[36m (0.5ms)[0m  [1mCOMMIT[0m
  [1m[35m (0.2ms)[0m  BEGIN
  [1m[36mSQL (0.3ms)[0m  [1mINSERT INTO "addresses" ("street", "city", "state", "zip_code", "created_at", "updated_at") VALUES ($1, $2, $3, $4, $5, $6) RETURNING "id"[0m  [["street", "4950 N Marine Dr Apt 103"], ["city", "Chicago"], ["state", "IL"], ["zip_code", 60640], ["created_at", "2015-04-17 19:00:22.370165"], ["updated_at", "2015-04-17 19:00:22.370165"]]
  [1m[35m (0.4ms)[0m  COMMIT
  [1m[36m (0.2ms)[0m  [1mBEGIN[0m
  [1m[35mSQL (0.5ms)[0m  INSERT INTO "addresses" ("street", "city", "state", "zip_code", "created_at", "updated_at") VALUES ($1, $2, $3, $4, $5, $6) RETURNING "id"  [["street", "3925 Lake Trail Dr."], ["city", "Kenner"], ["state", "LA"], ["zip_code", 70065], ["created_at", "2015-04-17 19:04:21.196893"], ["updated_at", "2015-04-17 19:04:21.196893"]]
  [1m[36m (0.4ms)[0m  [1mCOMMIT[0m
  [1m[35mAddress Load (0.7ms)[0m  SELECT "addresses".* FROM "addresses"
  [1m[36mPropertyManager Load (1.0ms)[0m  [1mSELECT "property_managers".* FROM "property_managers"[0m
  [1m[35mHouse Load (0.6ms)[0m  SELECT "houses".* FROM "houses"
  [1m[36m (0.2ms)[0m  [1mBEGIN[0m
  [1m[35mSQL (0.4ms)[0m  INSERT INTO "addresses" ("street", "city", "state", "zip_code", "created_at", "updated_at") VALUES ($1, $2, $3, $4, $5, $6) RETURNING "id"  [["street", "4950 N Marine Dr Apt 103"], ["city", "Chicago"], ["state", "IL"], ["zip_code", 60640], ["created_at", "2015-04-17 19:05:54.240111"], ["updated_at", "2015-04-17 19:05:54.240111"]]
  [1m[36m (0.6ms)[0m  [1mCOMMIT[0m
  [1m[36m (0.2ms)[0m  [1mBEGIN[0m
  [1m[35mSQL (0.5ms)[0m  INSERT INTO "addresses" ("street", "city", "state", "zip_code", "created_at", "updated_at") VALUES ($1, $2, $3, $4, $5, $6) RETURNING "id"  [["street", "4950 N Marine Dr Apt 103"], ["city", "Chicago"], ["state", "IL"], ["zip_code", 60640], ["created_at", "2015-04-17 19:06:43.159346"], ["updated_at", "2015-04-17 19:06:43.159346"]]
  [1m[36m (0.7ms)[0m  [1mCOMMIT[0m
  [1m[35m (0.3ms)[0m  BEGIN
  [1m[36mSQL (0.4ms)[0m  [1mINSERT INTO "addresses" ("street", "city", "state", "zip_code", "created_at", "updated_at") VALUES ($1, $2, $3, $4, $5, $6) RETURNING "id"[0m  [["street", "4950 N Marine Dr Apt 103"], ["city", "Chicago"], ["state", "IL"], ["zip_code", 60640], ["created_at", "2015-04-17 19:09:06.677889"], ["updated_at", "2015-04-17 19:09:06.677889"]]
  [1m[35m (0.5ms)[0m  COMMIT
  [1m[36m (0.3ms)[0m  [1mBEGIN[0m
  [1m[35mSQL (1.5ms)[0m  INSERT INTO "houses" ("name", "created_at", "updated_at") VALUES ($1, $2, $3) RETURNING "id"  [["name", "house"], ["created_at", "2015-04-17 19:09:39.390137"], ["updated_at", "2015-04-17 19:09:39.390137"]]
  [1m[36m (0.4ms)[0m  [1mCOMMIT[0m
  [1m[35mAddress Load (0.4ms)[0m  SELECT  "addresses".* FROM "addresses" WHERE "addresses"."addressable_id" = $1 AND "addresses"."addressable_type" = $2 LIMIT 1  [["addressable_id", 1], ["addressable_type", "House"]]
  [1m[36m (0.1ms)[0m  [1mBEGIN[0m
  [1m[35mSQL (0.3ms)[0m  UPDATE "addresses" SET "addressable_id" = $1, "addressable_type" = $2, "updated_at" = $3 WHERE "addresses"."id" = $4  [["addressable_id", 1], ["addressable_type", "House"], ["updated_at", "2015-04-17 19:09:50.050142"], ["id", 6]]
  [1m[36m (0.3ms)[0m  [1mCOMMIT[0m
  [1m[35m (0.2ms)[0m  BEGIN
  [1m[36mSQL (0.9ms)[0m  [1mINSERT INTO "property_managers" ("name", "created_at", "updated_at") VALUES ($1, $2, $3) RETURNING "id"[0m  [["name", "me"], ["created_at", "2015-04-17 19:11:47.755080"], ["updated_at", "2015-04-17 19:11:47.755080"]]
  [1m[35mSQL (0.4ms)[0m  UPDATE "addresses" SET "addressable_type" = $1, "updated_at" = $2 WHERE "addresses"."id" = $3  [["addressable_type", "PropertyManager"], ["updated_at", "2015-04-17 19:11:47.758707"], ["id", 6]]
  [1m[36m (1.3ms)[0m  [1mCOMMIT[0m
  [1m[36mActiveRecord::SchemaMigration Load (0.3ms)[0m  [1mSELECT "schema_migrations".* FROM "schema_migrations"[0m
  [1m[35m (0.2ms)[0m  BEGIN
  [1m[36mUser Exists (0.7ms)[0m  [1mSELECT  1 AS one FROM "users" WHERE "users"."email" = 'paul@paul.com' LIMIT 1[0m
  [1m[35m (0.2ms)[0m  ROLLBACK
  [1m[36m (0.2ms)[0m  [1mBEGIN[0m
  [1m[35mSQL (0.5ms)[0m  INSERT INTO "addresses" ("street", "city", "state", "zip_code", "created_at", "updated_at") VALUES ($1, $2, $3, $4, $5, $6) RETURNING "id"  [["street", "1462 W Carmen Ave Apt 2"], ["city", "Chicago"], ["state", "IL"], ["zip_code", 60640], ["created_at", "2015-04-17 19:12:38.620951"], ["updated_at", "2015-04-17 19:12:38.620951"]]
  [1m[36m (7.4ms)[0m  [1mCOMMIT[0m
  [1m[35m (0.1ms)[0m  BEGIN
  [1m[36mSQL (0.2ms)[0m  [1mINSERT INTO "addresses" ("street", "city", "state", "zip_code", "created_at", "updated_at") VALUES ($1, $2, $3, $4, $5, $6) RETURNING "id"[0m  [["street", "4950 N Marine Dr Apt 103"], ["city", "Chicago"], ["state", "IL"], ["zip_code", 60640], ["created_at", "2015-04-17 19:12:38.631518"], ["updated_at", "2015-04-17 19:12:38.631518"]]
  [1m[35m (212.3ms)[0m  COMMIT
  [1m[36m (0.2ms)[0m  [1mBEGIN[0m
  [1m[35mSQL (0.5ms)[0m  INSERT INTO "property_managers" ("name", "phone", "email", "created_at", "updated_at") VALUES ($1, $2, $3, $4, $5) RETURNING "id"  [["name", "tom"], ["phone", "773-606-6186"], ["email", "tom@tom.com"], ["created_at", "2015-04-17 19:12:38.861679"], ["updated_at", "2015-04-17 19:12:38.861679"]]
  [1m[36mSQL (0.5ms)[0m  [1mUPDATE "addresses" SET "addressable_type" = $1, "addressable_id" = $2, "updated_at" = $3 WHERE "addresses"."id" = $4[0m  [["addressable_type", "PropertyManager"], ["addressable_id", 2], ["updated_at", "2015-04-17 19:12:38.864892"], ["id", 7]]
  [1m[35m (23.3ms)[0m  COMMIT
  [1m[36m (3.1ms)[0m  [1mCREATE TABLE "schema_migrations" ("version" character varying NOT NULL) [0m
  [1m[35m (1.3ms)[0m  CREATE UNIQUE INDEX  "unique_schema_migrations" ON "schema_migrations"  ("version")
  [1m[36mActiveRecord::SchemaMigration Load (0.3ms)[0m  [1mSELECT "schema_migrations".* FROM "schema_migrations"[0m
Migrating to CreateUsers (20150416210314)
  [1m[35m (0.1ms)[0m  BEGIN
  [1m[36m (3.5ms)[0m  [1mCREATE TABLE "users" ("id" serial primary key, "first_name" character varying, "last_name" character varying, "email" character varying, "password_digest" character varying, "phone" character varying, "created_at" timestamp NOT NULL, "updated_at" timestamp NOT NULL) [0m
  [1m[35mSQL (0.7ms)[0m  INSERT INTO "schema_migrations" ("version") VALUES ($1)  [["version", "20150416210314"]]
  [1m[36m (0.9ms)[0m  [1mCOMMIT[0m
Migrating to CreateAddresses (20150416210715)
  [1m[35m (0.3ms)[0m  BEGIN
  [1m[36m (3.1ms)[0m  [1mCREATE TABLE "addresses" ("id" serial primary key, "street" character varying, "city" character varying, "state" character varying, "zip_code" integer, "addressable_id" integer, "addressable_type" character varying, "created_at" timestamp NOT NULL, "updated_at" timestamp NOT NULL) [0m
  [1m[35m (0.8ms)[0m  CREATE  INDEX  "index_addresses_on_addressable_type_and_addressable_id" ON "addresses"  ("addressable_type", "addressable_id")
  [1m[36mSQL (0.2ms)[0m  [1mINSERT INTO "schema_migrations" ("version") VALUES ($1)[0m  [["version", "20150416210715"]]
  [1m[35m (0.6ms)[0m  COMMIT
Migrating to CreatePropertyManagers (20150416210951)
  [1m[36m (0.2ms)[0m  [1mBEGIN[0m
  [1m[35m (3.4ms)[0m  CREATE TABLE "property_managers" ("id" serial primary key, "name" character varying, "phone" character varying, "email" character varying, "created_at" timestamp NOT NULL, "updated_at" timestamp NOT NULL) 
  [1m[36mSQL (0.2ms)[0m  [1mINSERT INTO "schema_migrations" ("version") VALUES ($1)[0m  [["version", "20150416210951"]]
  [1m[35m (0.5ms)[0m  COMMIT
Migrating to CreateHouses (20150416211341)
  [1m[36m (0.3ms)[0m  [1mBEGIN[0m
  [1m[35m (4.9ms)[0m  CREATE TABLE "houses" ("id" serial primary key, "name" character varying, "property_manager_id" integer, "created_at" timestamp NOT NULL, "updated_at" timestamp NOT NULL) 
  [1m[36m (1.5ms)[0m  [1mCREATE  INDEX  "index_houses_on_property_manager_id" ON "houses"  ("property_manager_id")[0m
  [1m[35m (1.8ms)[0m  ALTER TABLE "houses" ADD CONSTRAINT "fk_rails_fca970acce"
FOREIGN KEY ("property_manager_id")
  REFERENCES "property_managers" ("id")

  [1m[36mSQL (0.1ms)[0m  [1mINSERT INTO "schema_migrations" ("version") VALUES ($1)[0m  [["version", "20150416211341"]]
  [1m[35m (0.6ms)[0m  COMMIT
Migrating to CreateHousingAssignments (20150416211419)
  [1m[36m (0.3ms)[0m  [1mBEGIN[0m
  [1m[35m (2.6ms)[0m  CREATE TABLE "housing_assignments" ("id" serial primary key, "user_id" integer, "house_id" integer, "lease_url" character varying, "created_at" timestamp NOT NULL, "updated_at" timestamp NOT NULL) 
  [1m[36m (0.8ms)[0m  [1mCREATE  INDEX  "index_housing_assignments_on_user_id" ON "housing_assignments"  ("user_id")[0m
  [1m[35m (0.8ms)[0m  CREATE  INDEX  "index_housing_assignments_on_house_id" ON "housing_assignments"  ("house_id")
  [1m[36m (1.0ms)[0m  [1mALTER TABLE "housing_assignments" ADD CONSTRAINT "fk_rails_c9acd19e64"
FOREIGN KEY ("user_id")
  REFERENCES "users" ("id")
[0m
  [1m[35m (1.0ms)[0m  ALTER TABLE "housing_assignments" ADD CONSTRAINT "fk_rails_940a2b850f"
FOREIGN KEY ("house_id")
  REFERENCES "houses" ("id")

  [1m[36mSQL (0.2ms)[0m  [1mINSERT INTO "schema_migrations" ("version") VALUES ($1)[0m  [["version", "20150416211419"]]
  [1m[35m (0.5ms)[0m  COMMIT
Migrating to CreateRules (20150416211922)
  [1m[36m (0.3ms)[0m  [1mBEGIN[0m
  [1m[35m (2.7ms)[0m  CREATE TABLE "rules" ("id" serial primary key, "content" character varying, "housing_assignment_id" integer, "created_at" timestamp NOT NULL, "updated_at" timestamp NOT NULL) 
  [1m[36m (0.8ms)[0m  [1mCREATE  INDEX  "index_rules_on_housing_assignment_id" ON "rules"  ("housing_assignment_id")[0m
  [1m[35m (1.0ms)[0m  ALTER TABLE "rules" ADD CONSTRAINT "fk_rails_af3a036cef"
FOREIGN KEY ("housing_assignment_id")
  REFERENCES "housing_assignments" ("id")

  [1m[36mSQL (0.2ms)[0m  [1mINSERT INTO "schema_migrations" ("version") VALUES ($1)[0m  [["version", "20150416211922"]]
  [1m[35m (0.7ms)[0m  COMMIT
Migrating to CreateChores (20150416211959)
  [1m[36m (0.2ms)[0m  [1mBEGIN[0m
  [1m[35m (3.8ms)[0m  CREATE TABLE "chores" ("id" serial primary key, "task" character varying, "house_id" integer, "created_at" timestamp NOT NULL, "updated_at" timestamp NOT NULL) 
  [1m[36m (1.0ms)[0m  [1mCREATE  INDEX  "index_chores_on_house_id" ON "chores"  ("house_id")[0m
  [1m[35m (0.8ms)[0m  ALTER TABLE "chores" ADD CONSTRAINT "fk_rails_afe0a63c1d"
FOREIGN KEY ("house_id")
  REFERENCES "houses" ("id")

  [1m[36mSQL (0.1ms)[0m  [1mINSERT INTO "schema_migrations" ("version") VALUES ($1)[0m  [["version", "20150416211959"]]
  [1m[35m (0.5ms)[0m  COMMIT
Migrating to CreateChoreLogs (20150416212124)
  [1m[36m (0.2ms)[0m  [1mBEGIN[0m
  [1m[35m (2.0ms)[0m  CREATE TABLE "chore_logs" ("id" serial primary key, "user_id" integer, "chore_id" integer, "created_at" timestamp NOT NULL, "updated_at" timestamp NOT NULL) 
  [1m[36m (1.3ms)[0m  [1mCREATE  INDEX  "index_chore_logs_on_user_id" ON "chore_logs"  ("user_id")[0m
  [1m[35m (1.1ms)[0m  CREATE  INDEX  "index_chore_logs_on_chore_id" ON "chore_logs"  ("chore_id")
  [1m[36m (1.2ms)[0m  [1mALTER TABLE "chore_logs" ADD CONSTRAINT "fk_rails_7000e176e9"
FOREIGN KEY ("user_id")
  REFERENCES "users" ("id")
[0m
  [1m[35m (1.6ms)[0m  ALTER TABLE "chore_logs" ADD CONSTRAINT "fk_rails_61500d5c17"
FOREIGN KEY ("chore_id")
  REFERENCES "chores" ("id")

  [1m[36mSQL (0.1ms)[0m  [1mINSERT INTO "schema_migrations" ("version") VALUES ($1)[0m  [["version", "20150416212124"]]
  [1m[35m (0.6ms)[0m  COMMIT
Migrating to CreateEvents (20150416212247)
  [1m[36m (0.3ms)[0m  [1mBEGIN[0m
  [1m[35m (2.7ms)[0m  CREATE TABLE "events" ("id" serial primary key, "name" character varying, "date" timestamp, "description" character varying, "housing_assignment_id" integer, "created_at" timestamp NOT NULL, "updated_at" timestamp NOT NULL) 
  [1m[36m (0.9ms)[0m  [1mCREATE  INDEX  "index_events_on_housing_assignment_id" ON "events"  ("housing_assignment_id")[0m
  [1m[35m (0.9ms)[0m  ALTER TABLE "events" ADD CONSTRAINT "fk_rails_037b949f1d"
FOREIGN KEY ("housing_assignment_id")
  REFERENCES "housing_assignments" ("id")

  [1m[36mSQL (0.1ms)[0m  [1mINSERT INTO "schema_migrations" ("version") VALUES ($1)[0m  [["version", "20150416212247"]]
  [1m[35m (0.8ms)[0m  COMMIT
Migrating to CreateCommunalItems (20150416212642)
  [1m[36m (0.3ms)[0m  [1mBEGIN[0m
  [1m[35m (3.6ms)[0m  CREATE TABLE "communal_items" ("id" serial primary key, "name" character varying, "brand" character varying, "quantity" integer, "stock_level" character varying, "house_id" integer, "created_at" timestamp NOT NULL, "updated_at" timestamp NOT NULL) 
  [1m[36m (0.8ms)[0m  [1mCREATE  INDEX  "index_communal_items_on_house_id" ON "communal_items"  ("house_id")[0m
  [1m[35m (0.8ms)[0m  ALTER TABLE "communal_items" ADD CONSTRAINT "fk_rails_a48b235da7"
FOREIGN KEY ("house_id")
  REFERENCES "houses" ("id")

  [1m[36mSQL (0.2ms)[0m  [1mINSERT INTO "schema_migrations" ("version") VALUES ($1)[0m  [["version", "20150416212642"]]
  [1m[35m (0.5ms)[0m  COMMIT
Migrating to CreateMessages (20150416212824)
  [1m[36m (0.2ms)[0m  [1mBEGIN[0m
  [1m[35m (3.0ms)[0m  CREATE TABLE "messages" ("id" serial primary key, "content" character varying, "picture_url" character varying, "housing_assignment_id" integer, "created_at" timestamp NOT NULL, "updated_at" timestamp NOT NULL) 
  [1m[36m (1.0ms)[0m  [1mCREATE  INDEX  "index_messages_on_housing_assignment_id" ON "messages"  ("housing_assignment_id")[0m
  [1m[35m (1.1ms)[0m  ALTER TABLE "messages" ADD CONSTRAINT "fk_rails_0915f586e0"
FOREIGN KEY ("housing_assignment_id")
  REFERENCES "housing_assignments" ("id")

  [1m[36mSQL (0.2ms)[0m  [1mINSERT INTO "schema_migrations" ("version") VALUES ($1)[0m  [["version", "20150416212824"]]
  [1m[35m (0.6ms)[0m  COMMIT
Migrating to CreateIssues (20150416213117)
  [1m[36m (0.3ms)[0m  [1mBEGIN[0m
  [1m[35m (2.8ms)[0m  CREATE TABLE "issues" ("id" serial primary key, "reason" character varying, "user_id" integer, "issuable_id" integer, "issuable_type" character varying, "created_at" timestamp NOT NULL, "updated_at" timestamp NOT NULL) 
  [1m[36m (0.9ms)[0m  [1mCREATE  INDEX  "index_issues_on_user_id" ON "issues"  ("user_id")[0m
  [1m[35m (1.0ms)[0m  CREATE  INDEX  "index_issues_on_issuable_type_and_issuable_id" ON "issues"  ("issuable_type", "issuable_id")
  [1m[36m (1.0ms)[0m  [1mALTER TABLE "issues" ADD CONSTRAINT "fk_rails_f8f1052133"
FOREIGN KEY ("user_id")
  REFERENCES "users" ("id")
[0m
  [1m[35mSQL (0.1ms)[0m  INSERT INTO "schema_migrations" ("version") VALUES ($1)  [["version", "20150416213117"]]
  [1m[36m (0.6ms)[0m  [1mCOMMIT[0m
Migrating to CreateUserPromises (20150416213208)
  [1m[35m (0.2ms)[0m  BEGIN
  [1m[36m (3.3ms)[0m  [1mCREATE TABLE "user_promises" ("id" serial primary key, "fulfilled" boolean DEFAULT 'f', "user_id" integer, "promisable_id" integer, "promisable_type" character varying, "created_at" timestamp NOT NULL, "updated_at" timestamp NOT NULL) [0m
  [1m[35m (0.8ms)[0m  CREATE  INDEX  "index_user_promises_on_user_id" ON "user_promises"  ("user_id")
  [1m[36m (1.6ms)[0m  [1mCREATE  INDEX  "index_user_promises_on_promisable_type_and_promisable_id" ON "user_promises"  ("promisable_type", "promisable_id")[0m
  [1m[35m (1.5ms)[0m  ALTER TABLE "user_promises" ADD CONSTRAINT "fk_rails_3b54a6f768"
FOREIGN KEY ("user_id")
  REFERENCES "users" ("id")

  [1m[36mSQL (0.2ms)[0m  [1mINSERT INTO "schema_migrations" ("version") VALUES ($1)[0m  [["version", "20150416213208"]]
  [1m[35m (0.6ms)[0m  COMMIT
Migrating to AddAttachmentAvatarToUsers (20150417175305)
  [1m[36m (0.3ms)[0m  [1mBEGIN[0m
  [1m[35m (0.4ms)[0m  ALTER TABLE "users" ADD "avatar_file_name" character varying
  [1m[36m (0.4ms)[0m  [1mALTER TABLE "users" ADD "avatar_content_type" character varying[0m
  [1m[35m (0.2ms)[0m  ALTER TABLE "users" ADD "avatar_file_size" integer
  [1m[36m (0.2ms)[0m  [1mALTER TABLE "users" ADD "avatar_updated_at" timestamp[0m
  [1m[35mSQL (0.1ms)[0m  INSERT INTO "schema_migrations" ("version") VALUES ($1)  [["version", "20150417175305"]]
  [1m[36m (0.4ms)[0m  [1mCOMMIT[0m
  [1m[35mActiveRecord::SchemaMigration Load (0.2ms)[0m  SELECT "schema_migrations".* FROM "schema_migrations"
  [1m[36m (3.2ms)[0m  [1mSELECT t2.oid::regclass::text AS to_table, a1.attname AS column, a2.attname AS primary_key, c.conname AS name, c.confupdtype AS on_update, c.confdeltype AS on_delete
FROM pg_constraint c
JOIN pg_class t1 ON c.conrelid = t1.oid
JOIN pg_class t2 ON c.confrelid = t2.oid
JOIN pg_attribute a1 ON a1.attnum = c.conkey[1] AND a1.attrelid = t1.oid
JOIN pg_attribute a2 ON a2.attnum = c.confkey[1] AND a2.attrelid = t2.oid
JOIN pg_namespace t3 ON c.connamespace = t3.oid
WHERE c.contype = 'f'
  AND t1.relname = 'addresses'
  AND t3.nspname = ANY (current_schemas(false))
ORDER BY c.conname
[0m
  [1m[35m (2.1ms)[0m  SELECT t2.oid::regclass::text AS to_table, a1.attname AS column, a2.attname AS primary_key, c.conname AS name, c.confupdtype AS on_update, c.confdeltype AS on_delete
FROM pg_constraint c
JOIN pg_class t1 ON c.conrelid = t1.oid
JOIN pg_class t2 ON c.confrelid = t2.oid
JOIN pg_attribute a1 ON a1.attnum = c.conkey[1] AND a1.attrelid = t1.oid
JOIN pg_attribute a2 ON a2.attnum = c.confkey[1] AND a2.attrelid = t2.oid
JOIN pg_namespace t3 ON c.connamespace = t3.oid
WHERE c.contype = 'f'
  AND t1.relname = 'chore_logs'
  AND t3.nspname = ANY (current_schemas(false))
ORDER BY c.conname

  [1m[36m (1.8ms)[0m  [1mSELECT t2.oid::regclass::text AS to_table, a1.attname AS column, a2.attname AS primary_key, c.conname AS name, c.confupdtype AS on_update, c.confdeltype AS on_delete
FROM pg_constraint c
JOIN pg_class t1 ON c.conrelid = t1.oid
JOIN pg_class t2 ON c.confrelid = t2.oid
JOIN pg_attribute a1 ON a1.attnum = c.conkey[1] AND a1.attrelid = t1.oid
JOIN pg_attribute a2 ON a2.attnum = c.confkey[1] AND a2.attrelid = t2.oid
JOIN pg_namespace t3 ON c.connamespace = t3.oid
WHERE c.contype = 'f'
  AND t1.relname = 'chores'
  AND t3.nspname = ANY (current_schemas(false))
ORDER BY c.conname
[0m
  [1m[35m (1.7ms)[0m  SELECT t2.oid::regclass::text AS to_table, a1.attname AS column, a2.attname AS primary_key, c.conname AS name, c.confupdtype AS on_update, c.confdeltype AS on_delete
FROM pg_constraint c
JOIN pg_class t1 ON c.conrelid = t1.oid
JOIN pg_class t2 ON c.confrelid = t2.oid
JOIN pg_attribute a1 ON a1.attnum = c.conkey[1] AND a1.attrelid = t1.oid
JOIN pg_attribute a2 ON a2.attnum = c.confkey[1] AND a2.attrelid = t2.oid
JOIN pg_namespace t3 ON c.connamespace = t3.oid
WHERE c.contype = 'f'
  AND t1.relname = 'communal_items'
  AND t3.nspname = ANY (current_schemas(false))
ORDER BY c.conname

  [1m[36m (1.7ms)[0m  [1mSELECT t2.oid::regclass::text AS to_table, a1.attname AS column, a2.attname AS primary_key, c.conname AS name, c.confupdtype AS on_update, c.confdeltype AS on_delete
FROM pg_constraint c
JOIN pg_class t1 ON c.conrelid = t1.oid
JOIN pg_class t2 ON c.confrelid = t2.oid
JOIN pg_attribute a1 ON a1.attnum = c.conkey[1] AND a1.attrelid = t1.oid
JOIN pg_attribute a2 ON a2.attnum = c.confkey[1] AND a2.attrelid = t2.oid
JOIN pg_namespace t3 ON c.connamespace = t3.oid
WHERE c.contype = 'f'
  AND t1.relname = 'events'
  AND t3.nspname = ANY (current_schemas(false))
ORDER BY c.conname
[0m
  [1m[35m (1.9ms)[0m  SELECT t2.oid::regclass::text AS to_table, a1.attname AS column, a2.attname AS primary_key, c.conname AS name, c.confupdtype AS on_update, c.confdeltype AS on_delete
FROM pg_constraint c
JOIN pg_class t1 ON c.conrelid = t1.oid
JOIN pg_class t2 ON c.confrelid = t2.oid
JOIN pg_attribute a1 ON a1.attnum = c.conkey[1] AND a1.attrelid = t1.oid
JOIN pg_attribute a2 ON a2.attnum = c.confkey[1] AND a2.attrelid = t2.oid
JOIN pg_namespace t3 ON c.connamespace = t3.oid
WHERE c.contype = 'f'
  AND t1.relname = 'houses'
  AND t3.nspname = ANY (current_schemas(false))
ORDER BY c.conname

  [1m[36m (1.8ms)[0m  [1mSELECT t2.oid::regclass::text AS to_table, a1.attname AS column, a2.attname AS primary_key, c.conname AS name, c.confupdtype AS on_update, c.confdeltype AS on_delete
FROM pg_constraint c
JOIN pg_class t1 ON c.conrelid = t1.oid
JOIN pg_class t2 ON c.confrelid = t2.oid
JOIN pg_attribute a1 ON a1.attnum = c.conkey[1] AND a1.attrelid = t1.oid
JOIN pg_attribute a2 ON a2.attnum = c.confkey[1] AND a2.attrelid = t2.oid
JOIN pg_namespace t3 ON c.connamespace = t3.oid
WHERE c.contype = 'f'
  AND t1.relname = 'housing_assignments'
  AND t3.nspname = ANY (current_schemas(false))
ORDER BY c.conname
[0m
  [1m[35m (1.9ms)[0m  SELECT t2.oid::regclass::text AS to_table, a1.attname AS column, a2.attname AS primary_key, c.conname AS name, c.confupdtype AS on_update, c.confdeltype AS on_delete
FROM pg_constraint c
JOIN pg_class t1 ON c.conrelid = t1.oid
JOIN pg_class t2 ON c.confrelid = t2.oid
JOIN pg_attribute a1 ON a1.attnum = c.conkey[1] AND a1.attrelid = t1.oid
JOIN pg_attribute a2 ON a2.attnum = c.confkey[1] AND a2.attrelid = t2.oid
JOIN pg_namespace t3 ON c.connamespace = t3.oid
WHERE c.contype = 'f'
  AND t1.relname = 'issues'
  AND t3.nspname = ANY (current_schemas(false))
ORDER BY c.conname

  [1m[36m (1.8ms)[0m  [1mSELECT t2.oid::regclass::text AS to_table, a1.attname AS column, a2.attname AS primary_key, c.conname AS name, c.confupdtype AS on_update, c.confdeltype AS on_delete
FROM pg_constraint c
JOIN pg_class t1 ON c.conrelid = t1.oid
JOIN pg_class t2 ON c.confrelid = t2.oid
JOIN pg_attribute a1 ON a1.attnum = c.conkey[1] AND a1.attrelid = t1.oid
JOIN pg_attribute a2 ON a2.attnum = c.confkey[1] AND a2.attrelid = t2.oid
JOIN pg_namespace t3 ON c.connamespace = t3.oid
WHERE c.contype = 'f'
  AND t1.relname = 'messages'
  AND t3.nspname = ANY (current_schemas(false))
ORDER BY c.conname
[0m
  [1m[35m (2.4ms)[0m  SELECT t2.oid::regclass::text AS to_table, a1.attname AS column, a2.attname AS primary_key, c.conname AS name, c.confupdtype AS on_update, c.confdeltype AS on_delete
FROM pg_constraint c
JOIN pg_class t1 ON c.conrelid = t1.oid
JOIN pg_class t2 ON c.confrelid = t2.oid
JOIN pg_attribute a1 ON a1.attnum = c.conkey[1] AND a1.attrelid = t1.oid
JOIN pg_attribute a2 ON a2.attnum = c.confkey[1] AND a2.attrelid = t2.oid
JOIN pg_namespace t3 ON c.connamespace = t3.oid
WHERE c.contype = 'f'
  AND t1.relname = 'property_managers'
  AND t3.nspname = ANY (current_schemas(false))
ORDER BY c.conname

  [1m[36m (1.8ms)[0m  [1mSELECT t2.oid::regclass::text AS to_table, a1.attname AS column, a2.attname AS primary_key, c.conname AS name, c.confupdtype AS on_update, c.confdeltype AS on_delete
FROM pg_constraint c
JOIN pg_class t1 ON c.conrelid = t1.oid
JOIN pg_class t2 ON c.confrelid = t2.oid
JOIN pg_attribute a1 ON a1.attnum = c.conkey[1] AND a1.attrelid = t1.oid
JOIN pg_attribute a2 ON a2.attnum = c.confkey[1] AND a2.attrelid = t2.oid
JOIN pg_namespace t3 ON c.connamespace = t3.oid
WHERE c.contype = 'f'
  AND t1.relname = 'rules'
  AND t3.nspname = ANY (current_schemas(false))
ORDER BY c.conname
[0m
  [1m[35m (1.8ms)[0m  SELECT t2.oid::regclass::text AS to_table, a1.attname AS column, a2.attname AS primary_key, c.conname AS name, c.confupdtype AS on_update, c.confdeltype AS on_delete
FROM pg_constraint c
JOIN pg_class t1 ON c.conrelid = t1.oid
JOIN pg_class t2 ON c.confrelid = t2.oid
JOIN pg_attribute a1 ON a1.attnum = c.conkey[1] AND a1.attrelid = t1.oid
JOIN pg_attribute a2 ON a2.attnum = c.confkey[1] AND a2.attrelid = t2.oid
JOIN pg_namespace t3 ON c.connamespace = t3.oid
WHERE c.contype = 'f'
  AND t1.relname = 'user_promises'
  AND t3.nspname = ANY (current_schemas(false))
ORDER BY c.conname

  [1m[36m (1.7ms)[0m  [1mSELECT t2.oid::regclass::text AS to_table, a1.attname AS column, a2.attname AS primary_key, c.conname AS name, c.confupdtype AS on_update, c.confdeltype AS on_delete
FROM pg_constraint c
JOIN pg_class t1 ON c.conrelid = t1.oid
JOIN pg_class t2 ON c.confrelid = t2.oid
JOIN pg_attribute a1 ON a1.attnum = c.conkey[1] AND a1.attrelid = t1.oid
JOIN pg_attribute a2 ON a2.attnum = c.confkey[1] AND a2.attrelid = t2.oid
JOIN pg_namespace t3 ON c.connamespace = t3.oid
WHERE c.contype = 'f'
  AND t1.relname = 'users'
  AND t3.nspname = ANY (current_schemas(false))
ORDER BY c.conname
[0m
  [1m[36mActiveRecord::SchemaMigration Load (0.7ms)[0m  [1mSELECT "schema_migrations".* FROM "schema_migrations"[0m
  [1m[35m (0.2ms)[0m  BEGIN
  [1m[36mUser Exists (1.0ms)[0m  [1mSELECT  1 AS one FROM "users" WHERE "users"."email" = 'paul@paul.com' LIMIT 1[0m
  [1m[35m (0.2ms)[0m  ROLLBACK
  [1m[36m (0.2ms)[0m  [1mBEGIN[0m
  [1m[35mSQL (0.6ms)[0m  INSERT INTO "addresses" ("street", "city", "state", "zip_code", "created_at", "updated_at") VALUES ($1, $2, $3, $4, $5, $6) RETURNING "id"  [["street", "1462 W Carmen Ave Apt 2"], ["city", "Chicago"], ["state", "IL"], ["zip_code", 60640], ["created_at", "2015-04-17 19:13:17.885421"], ["updated_at", "2015-04-17 19:13:17.885421"]]
  [1m[36m (0.6ms)[0m  [1mCOMMIT[0m
  [1m[35m (0.1ms)[0m  BEGIN
  [1m[36mSQL (0.3ms)[0m  [1mINSERT INTO "addresses" ("street", "city", "state", "zip_code", "created_at", "updated_at") VALUES ($1, $2, $3, $4, $5, $6) RETURNING "id"[0m  [["street", "4950 N Marine Dr Apt 103"], ["city", "Chicago"], ["state", "IL"], ["zip_code", 60640], ["created_at", "2015-04-17 19:13:17.889342"], ["updated_at", "2015-04-17 19:13:17.889342"]]
  [1m[35m (0.4ms)[0m  COMMIT
  [1m[36m (0.2ms)[0m  [1mBEGIN[0m
  [1m[35mSQL (0.5ms)[0m  INSERT INTO "property_managers" ("name", "phone", "email", "created_at", "updated_at") VALUES ($1, $2, $3, $4, $5) RETURNING "id"  [["name", "tom"], ["phone", "773-606-6186"], ["email", "tom@tom.com"], ["created_at", "2015-04-17 19:13:17.905971"], ["updated_at", "2015-04-17 19:13:17.905971"]]
  [1m[36mSQL (0.4ms)[0m  [1mUPDATE "addresses" SET "addressable_type" = $1, "addressable_id" = $2, "updated_at" = $3 WHERE "addresses"."id" = $4[0m  [["addressable_type", "PropertyManager"], ["addressable_id", 1], ["updated_at", "2015-04-17 19:13:17.908586"], ["id", 1]]
  [1m[35m (0.4ms)[0m  COMMIT
  [1m[36mActiveRecord::SchemaMigration Load (0.3ms)[0m  [1mSELECT "schema_migrations".* FROM "schema_migrations"[0m
  [1m[35m (0.2ms)[0m  BEGIN
  [1m[36mUser Exists (0.7ms)[0m  [1mSELECT  1 AS one FROM "users" WHERE "users"."email" = 'paul@paul.com' LIMIT 1[0m
  [1m[35mSQL (0.5ms)[0m  INSERT INTO "users" ("first_name", "last_name", "email", "password_digest", "phone", "created_at", "updated_at") VALUES ($1, $2, $3, $4, $5, $6, $7) RETURNING "id"  [["first_name", "Paul"], ["last_name", "clegg"], ["email", "paul@paul.com"], ["password_digest", "$2a$10$WO6jsBM7KDlOIjoMFXcFLubtnNN1ajOvooqh7EZnE87giAJ.tb3Bq"], ["phone", "773-355-1422"], ["created_at", "2015-04-17 19:16:26.689742"], ["updated_at", "2015-04-17 19:16:26.689742"]]
  [1m[36m (0.6ms)[0m  [1mCOMMIT[0m
  [1m[35m (0.1ms)[0m  BEGIN
  [1m[36mSQL (0.4ms)[0m  [1mINSERT INTO "addresses" ("street", "city", "state", "zip_code", "created_at", "updated_at") VALUES ($1, $2, $3, $4, $5, $6) RETURNING "id"[0m  [["street", "1462 W Carmen Ave Apt 2"], ["city", "Chicago"], ["state", "IL"], ["zip_code", 60640], ["created_at", "2015-04-17 19:16:26.706154"], ["updated_at", "2015-04-17 19:16:26.706154"]]
  [1m[35m (0.5ms)[0m  COMMIT
  [1m[36m (0.2ms)[0m  [1mBEGIN[0m
  [1m[35mSQL (0.3ms)[0m  INSERT INTO "addresses" ("street", "city", "state", "zip_code", "created_at", "updated_at") VALUES ($1, $2, $3, $4, $5, $6) RETURNING "id"  [["street", "4950 N Marine Dr Apt 103"], ["city", "Chicago"], ["state", "IL"], ["zip_code", 60640], ["created_at", "2015-04-17 19:16:26.710601"], ["updated_at", "2015-04-17 19:16:26.710601"]]
  [1m[36m (0.4ms)[0m  [1mCOMMIT[0m
  [1m[35m (0.2ms)[0m  BEGIN
  [1m[36mSQL (0.3ms)[0m  [1mINSERT INTO "property_managers" ("name", "phone", "email", "created_at", "updated_at") VALUES ($1, $2, $3, $4, $5) RETURNING "id"[0m  [["name", "tom"], ["phone", "773-606-6186"], ["email", "tom@tom.com"], ["created_at", "2015-04-17 19:16:26.734495"], ["updated_at", "2015-04-17 19:16:26.734495"]]
  [1m[35mSQL (0.5ms)[0m  UPDATE "addresses" SET "addressable_type" = $1, "addressable_id" = $2, "updated_at" = $3 WHERE "addresses"."id" = $4  [["addressable_type", "PropertyManager"], ["addressable_id", 2], ["updated_at", "2015-04-17 19:16:26.736451"], ["id", 3]]
  [1m[36m (0.5ms)[0m  [1mCOMMIT[0m
  [1m[35m (0.1ms)[0m  BEGIN
  [1m[36mSQL (10.6ms)[0m  [1mINSERT INTO "houses" ("name", "property_manager_id", "created_at", "updated_at") VALUES ($1, $2, $3, $4) RETURNING "id"[0m  [["name", "The Hater House"], ["property_manager_id", 2], ["created_at", "2015-04-17 19:16:26.774986"], ["updated_at", "2015-04-17 19:16:26.774986"]]
  [1m[35mSQL (0.3ms)[0m  UPDATE "addresses" SET "addressable_type" = $1, "addressable_id" = $2, "updated_at" = $3 WHERE "addresses"."id" = $4  [["addressable_type", "House"], ["addressable_id", 1], ["updated_at", "2015-04-17 19:16:26.787464"], ["id", 4]]
  [1m[36mSQL (16.8ms)[0m  [1mINSERT INTO "housing_assignments" ("user_id", "house_id", "created_at", "updated_at") VALUES ($1, $2, $3, $4) RETURNING "id"[0m  [["user_id", 1], ["house_id", 1], ["created_at", "2015-04-17 19:16:26.808974"], ["updated_at", "2015-04-17 19:16:26.808974"]]
  [1m[35m (0.4ms)[0m  COMMIT
  [1m[36m (0.1ms)[0m  [1mBEGIN[0m
  [1m[35mSQL (47.9ms)[0m  INSERT INTO "rules" ("content", "housing_assignment_id", "created_at", "updated_at") VALUES ($1, $2, $3, $4) RETURNING "id"  [["content", "Flush the toilet"], ["housing_assignment_id", 1], ["created_at", "2015-04-17 19:16:26.837052"], ["updated_at", "2015-04-17 19:16:26.837052"]]
  [1m[36m (0.4ms)[0m  [1mCOMMIT[0m
  [1m[35m (0.1ms)[0m  BEGIN
  [1m[36mSQL (0.9ms)[0m  [1mINSERT INTO "chores" ("task", "house_id", "created_at", "updated_at") VALUES ($1, $2, $3, $4) RETURNING "id"[0m  [["task", "Do the dishes"], ["house_id", 1], ["created_at", "2015-04-17 19:16:26.898949"], ["updated_at", "2015-04-17 19:16:26.898949"]]
  [1m[35m (0.4ms)[0m  COMMIT
  [1m[36m (0.1ms)[0m  [1mBEGIN[0m
  [1m[35mSQL (0.4ms)[0m  INSERT INTO "chores" ("task", "house_id", "created_at", "updated_at") VALUES ($1, $2, $3, $4) RETURNING "id"  [["task", "Mop the floor"], ["house_id", 1], ["created_at", "2015-04-17 19:16:26.929347"], ["updated_at", "2015-04-17 19:16:26.929347"]]
  [1m[36mSQL (1.1ms)[0m  [1mINSERT INTO "chore_logs" ("user_id", "chore_id", "created_at", "updated_at") VALUES ($1, $2, $3, $4) RETURNING "id"[0m  [["user_id", 1], ["chore_id", 2], ["created_at", "2015-04-17 19:16:26.937860"], ["updated_at", "2015-04-17 19:16:26.937860"]]
  [1m[35m (0.4ms)[0m  COMMIT
  [1m[36m (0.2ms)[0m  [1mBEGIN[0m
  [1m[35mSQL (0.8ms)[0m  INSERT INTO "events" ("name", "date", "description", "housing_assignment_id", "created_at", "updated_at") VALUES ($1, $2, $3, $4, $5, $6) RETURNING "id"  [["name", "Halloween Party"], ["date", "2013-09-12 22:49:27.000000"], ["description", "Costume party!!"], ["housing_assignment_id", 1], ["created_at", "2015-04-17 19:16:26.953000"], ["updated_at", "2015-04-17 19:16:26.953000"]]
  [1m[36m (0.4ms)[0m  [1mCOMMIT[0m
  [1m[35m (0.1ms)[0m  BEGIN
  [1m[36mSQL (1.0ms)[0m  [1mINSERT INTO "communal_items" ("name", "brand", "quantity", "house_id", "stock_level", "created_at", "updated_at") VALUES ($1, $2, $3, $4, $5, $6, $7) RETURNING "id"[0m  [["name", "toilet paper"], ["brand", "charmin"], ["quantity", 12], ["house_id", 1], ["stock_level", "low"], ["created_at", "2015-04-17 19:16:26.968464"], ["updated_at", "2015-04-17 19:16:26.968464"]]
  [1m[35m (0.4ms)[0m  COMMIT
  [1m[36m (0.1ms)[0m  [1mBEGIN[0m
  [1m[35mSQL (16.7ms)[0m  INSERT INTO "messages" ("content", "picture_url", "housing_assignment_id", "created_at", "updated_at") VALUES ($1, $2, $3, $4, $5) RETURNING "id"  [["content", "You're the best!!"], ["picture_url", "http://www.geekbinge.com/wp-content/uploads/2014/02/Space-Jam-2.jpg"], ["housing_assignment_id", 1], ["created_at", "2015-04-17 19:16:26.980364"], ["updated_at", "2015-04-17 19:16:26.980364"]]
  [1m[36m (0.6ms)[0m  [1mCOMMIT[0m
  [1m[35m (0.1ms)[0m  BEGIN
  [1m[36mSQL (1.2ms)[0m  [1mINSERT INTO "issues" ("reason", "user_id", "issuable_id", "issuable_type", "created_at", "updated_at") VALUES ($1, $2, $3, $4, $5, $6) RETURNING "id"[0m  [["reason", "I HATE PAUL!!"], ["user_id", 1], ["issuable_id", 1], ["issuable_type", "Chore"], ["created_at", "2015-04-17 19:16:27.015577"], ["updated_at", "2015-04-17 19:16:27.015577"]]
  [1m[35m (0.4ms)[0m  COMMIT
  [1m[36m (0.2ms)[0m  [1mBEGIN[0m
  [1m[35mSQL (0.5ms)[0m  INSERT INTO "issues" ("reason", "user_id", "issuable_id", "issuable_type", "created_at", "updated_at") VALUES ($1, $2, $3, $4, $5, $6) RETURNING "id"  [["reason", "I hate paper towel"], ["user_id", 1], ["issuable_id", 1], ["issuable_type", "CommunalItem"], ["created_at", "2015-04-17 19:16:27.023315"], ["updated_at", "2015-04-17 19:16:27.023315"]]
  [1m[36m (0.5ms)[0m  [1mCOMMIT[0m
  [1m[35m (0.1ms)[0m  BEGIN
  [1m[36mSQL (0.4ms)[0m  [1mINSERT INTO "issues" ("reason", "user_id", "issuable_id", "issuable_type", "created_at", "updated_at") VALUES ($1, $2, $3, $4, $5, $6) RETURNING "id"[0m  [["reason", "I hate halloween"], ["user_id", 1], ["issuable_id", 1], ["issuable_type", "Event"], ["created_at", "2015-04-17 19:16:27.028466"], ["updated_at", "2015-04-17 19:16:27.028466"]]
  [1m[35m (0.4ms)[0m  COMMIT
  [1m[36m (0.1ms)[0m  [1mBEGIN[0m
  [1m[35mSQL (0.3ms)[0m  INSERT INTO "issues" ("reason", "user_id", "issuable_id", "issuable_type", "created_at", "updated_at") VALUES ($1, $2, $3, $4, $5, $6) RETURNING "id"  [["reason", "I hate flushing!!"], ["user_id", 1], ["issuable_id", 1], ["issuable_type", "Rule"], ["created_at", "2015-04-17 19:16:27.032580"], ["updated_at", "2015-04-17 19:16:27.032580"]]
  [1m[36m (0.5ms)[0m  [1mCOMMIT[0m
  [1m[35m (0.1ms)[0m  BEGIN
  [1m[36mSQL (1.0ms)[0m  [1mINSERT INTO "user_promises" ("user_id", "fulfilled", "promisable_id", "promisable_type", "created_at", "updated_at") VALUES ($1, $2, $3, $4, $5, $6) RETURNING "id"[0m  [["user_id", 1], ["fulfilled", "t"], ["promisable_id", 1], ["promisable_type", "Chore"], ["created_at", "2015-04-17 19:16:27.045957"], ["updated_at", "2015-04-17 19:16:27.045957"]]
  [1m[35m (0.5ms)[0m  COMMIT
  [1m[36m (0.1ms)[0m  [1mBEGIN[0m
  [1m[35mSQL (0.4ms)[0m  INSERT INTO "user_promises" ("user_id", "promisable_id", "promisable_type", "created_at", "updated_at") VALUES ($1, $2, $3, $4, $5) RETURNING "id"  [["user_id", 1], ["promisable_id", 1], ["promisable_type", "Chore"], ["created_at", "2015-04-17 19:16:27.050371"], ["updated_at", "2015-04-17 19:16:27.050371"]]
  [1m[36m (0.4ms)[0m  [1mCOMMIT[0m
  [1m[35m (0.1ms)[0m  BEGIN
  [1m[36mSQL (0.3ms)[0m  [1mINSERT INTO "user_promises" ("user_id", "promisable_id", "promisable_type", "created_at", "updated_at") VALUES ($1, $2, $3, $4, $5) RETURNING "id"[0m  [["user_id", 1], ["promisable_id", 1], ["promisable_type", "CommunalItem"], ["created_at", "2015-04-17 19:16:27.054448"], ["updated_at", "2015-04-17 19:16:27.054448"]]
  [1m[35m (0.5ms)[0m  COMMIT
  [1m[36m (0.1ms)[0m  [1mBEGIN[0m
  [1m[35mSQL (0.3ms)[0m  INSERT INTO "user_promises" ("user_id", "fulfilled", "promisable_id", "promisable_type", "created_at", "updated_at") VALUES ($1, $2, $3, $4, $5, $6) RETURNING "id"  [["user_id", 1], ["fulfilled", "t"], ["promisable_id", 1], ["promisable_type", "CommunalItem"], ["created_at", "2015-04-17 19:16:27.057114"], ["updated_at", "2015-04-17 19:16:27.057114"]]
  [1m[36m (0.4ms)[0m  [1mCOMMIT[0m
